{"level":"info","message":"Database connected successfully","timestamp":"2025-06-07T05:37:53.696Z"}
{"level":"info","message":"Session table checked/initialized successfully","timestamp":"2025-06-07T05:37:53.805Z"}
{"level":"info","message":"Admin user(s) already exist, skipping default admin creation.","timestamp":"2025-06-07T05:37:53.847Z"}
{"level":"info","message":"Server running on port 3000","timestamp":"2025-06-07T05:37:53.932Z"}
{"level":"info","message":"Database connected successfully","timestamp":"2025-06-07T05:57:16.265Z"}
{"level":"info","message":"Session table checked/initialized successfully","timestamp":"2025-06-07T05:57:16.318Z"}
{"level":"info","message":"Admin user(s) already exist, skipping default admin creation.","timestamp":"2025-06-07T05:57:16.340Z"}
{"level":"info","message":"Server running on port 3000","timestamp":"2025-06-07T05:57:16.447Z"}
{"level":"info","message":"Database connected successfully","timestamp":"2025-06-07T05:57:24.215Z"}
{"level":"info","message":"Session table checked/initialized successfully","timestamp":"2025-06-07T05:57:24.239Z"}
{"level":"info","message":"Admin user(s) already exist, skipping default admin creation.","timestamp":"2025-06-07T05:57:24.249Z"}
{"level":"info","message":"Server running on port 3000","timestamp":"2025-06-07T05:57:24.287Z"}
{"level":"error","message":"Unhandled error: Not allowed by CORS","method":"GET","path":"/api/auth/status","stack":"Error: Not allowed by CORS\n    at origin (D:\\WebDevelopment\\AppDemo\\Backend\\server.js:43:16)\n    at D:\\WebDevelopment\\AppDemo\\Backend\\node_modules\\cors\\lib\\index.js:219:13\n    at optionsCallback (D:\\WebDevelopment\\AppDemo\\Backend\\node_modules\\cors\\lib\\index.js:199:9)\n    at corsMiddleware (D:\\WebDevelopment\\AppDemo\\Backend\\node_modules\\cors\\lib\\index.js:204:7)\n    at Layer.handle [as handle_request] (D:\\WebDevelopment\\AppDemo\\Backend\\node_modules\\express\\lib\\router\\layer.js:95:5)\n    at trim_prefix (D:\\WebDevelopment\\AppDemo\\Backend\\node_modules\\express\\lib\\router\\index.js:328:13)\n    at D:\\WebDevelopment\\AppDemo\\Backend\\node_modules\\express\\lib\\router\\index.js:286:9\n    at Function.process_params (D:\\WebDevelopment\\AppDemo\\Backend\\node_modules\\express\\lib\\router\\index.js:346:12)\n    at next (D:\\WebDevelopment\\AppDemo\\Backend\\node_modules\\express\\lib\\router\\index.js:280:10)\n    at expressInit (D:\\WebDevelopment\\AppDemo\\Backend\\node_modules\\express\\lib\\middleware\\init.js:40:5)","timestamp":"2025-06-07T05:57:52.315Z"}
{"level":"error","message":"Unhandled error: Not allowed by CORS","method":"GET","path":"/api/auth/status","stack":"Error: Not allowed by CORS\n    at origin (D:\\WebDevelopment\\AppDemo\\Backend\\server.js:43:16)\n    at D:\\WebDevelopment\\AppDemo\\Backend\\node_modules\\cors\\lib\\index.js:219:13\n    at optionsCallback (D:\\WebDevelopment\\AppDemo\\Backend\\node_modules\\cors\\lib\\index.js:199:9)\n    at corsMiddleware (D:\\WebDevelopment\\AppDemo\\Backend\\node_modules\\cors\\lib\\index.js:204:7)\n    at Layer.handle [as handle_request] (D:\\WebDevelopment\\AppDemo\\Backend\\node_modules\\express\\lib\\router\\layer.js:95:5)\n    at trim_prefix (D:\\WebDevelopment\\AppDemo\\Backend\\node_modules\\express\\lib\\router\\index.js:328:13)\n    at D:\\WebDevelopment\\AppDemo\\Backend\\node_modules\\express\\lib\\router\\index.js:286:9\n    at Function.process_params (D:\\WebDevelopment\\AppDemo\\Backend\\node_modules\\express\\lib\\router\\index.js:346:12)\n    at next (D:\\WebDevelopment\\AppDemo\\Backend\\node_modules\\express\\lib\\router\\index.js:280:10)\n    at expressInit (D:\\WebDevelopment\\AppDemo\\Backend\\node_modules\\express\\lib\\middleware\\init.js:40:5)","timestamp":"2025-06-07T05:58:52.298Z"}
{"level":"error","message":"Unhandled error: Not allowed by CORS","method":"GET","path":"/api/auth/status","stack":"Error: Not allowed by CORS\n    at origin (D:\\WebDevelopment\\AppDemo\\Backend\\server.js:43:16)\n    at D:\\WebDevelopment\\AppDemo\\Backend\\node_modules\\cors\\lib\\index.js:219:13\n    at optionsCallback (D:\\WebDevelopment\\AppDemo\\Backend\\node_modules\\cors\\lib\\index.js:199:9)\n    at corsMiddleware (D:\\WebDevelopment\\AppDemo\\Backend\\node_modules\\cors\\lib\\index.js:204:7)\n    at Layer.handle [as handle_request] (D:\\WebDevelopment\\AppDemo\\Backend\\node_modules\\express\\lib\\router\\layer.js:95:5)\n    at trim_prefix (D:\\WebDevelopment\\AppDemo\\Backend\\node_modules\\express\\lib\\router\\index.js:328:13)\n    at D:\\WebDevelopment\\AppDemo\\Backend\\node_modules\\express\\lib\\router\\index.js:286:9\n    at Function.process_params (D:\\WebDevelopment\\AppDemo\\Backend\\node_modules\\express\\lib\\router\\index.js:346:12)\n    at next (D:\\WebDevelopment\\AppDemo\\Backend\\node_modules\\express\\lib\\router\\index.js:280:10)\n    at expressInit (D:\\WebDevelopment\\AppDemo\\Backend\\node_modules\\express\\lib\\middleware\\init.js:40:5)","timestamp":"2025-06-07T05:59:52.304Z"}
{"level":"error","message":"Unhandled error: Not allowed by CORS","method":"GET","path":"/api/auth/status","stack":"Error: Not allowed by CORS\n    at origin (D:\\WebDevelopment\\AppDemo\\Backend\\server.js:43:16)\n    at D:\\WebDevelopment\\AppDemo\\Backend\\node_modules\\cors\\lib\\index.js:219:13\n    at optionsCallback (D:\\WebDevelopment\\AppDemo\\Backend\\node_modules\\cors\\lib\\index.js:199:9)\n    at corsMiddleware (D:\\WebDevelopment\\AppDemo\\Backend\\node_modules\\cors\\lib\\index.js:204:7)\n    at Layer.handle [as handle_request] (D:\\WebDevelopment\\AppDemo\\Backend\\node_modules\\express\\lib\\router\\layer.js:95:5)\n    at trim_prefix (D:\\WebDevelopment\\AppDemo\\Backend\\node_modules\\express\\lib\\router\\index.js:328:13)\n    at D:\\WebDevelopment\\AppDemo\\Backend\\node_modules\\express\\lib\\router\\index.js:286:9\n    at Function.process_params (D:\\WebDevelopment\\AppDemo\\Backend\\node_modules\\express\\lib\\router\\index.js:346:12)\n    at next (D:\\WebDevelopment\\AppDemo\\Backend\\node_modules\\express\\lib\\router\\index.js:280:10)\n    at expressInit (D:\\WebDevelopment\\AppDemo\\Backend\\node_modules\\express\\lib\\middleware\\init.js:40:5)","timestamp":"2025-06-07T06:00:31.342Z"}
{"level":"error","message":"Unhandled error: Not allowed by CORS","method":"GET","path":"/api/auth/status","stack":"Error: Not allowed by CORS\n    at origin (D:\\WebDevelopment\\AppDemo\\Backend\\server.js:43:16)\n    at D:\\WebDevelopment\\AppDemo\\Backend\\node_modules\\cors\\lib\\index.js:219:13\n    at optionsCallback (D:\\WebDevelopment\\AppDemo\\Backend\\node_modules\\cors\\lib\\index.js:199:9)\n    at corsMiddleware (D:\\WebDevelopment\\AppDemo\\Backend\\node_modules\\cors\\lib\\index.js:204:7)\n    at Layer.handle [as handle_request] (D:\\WebDevelopment\\AppDemo\\Backend\\node_modules\\express\\lib\\router\\layer.js:95:5)\n    at trim_prefix (D:\\WebDevelopment\\AppDemo\\Backend\\node_modules\\express\\lib\\router\\index.js:328:13)\n    at D:\\WebDevelopment\\AppDemo\\Backend\\node_modules\\express\\lib\\router\\index.js:286:9\n    at Function.process_params (D:\\WebDevelopment\\AppDemo\\Backend\\node_modules\\express\\lib\\router\\index.js:346:12)\n    at next (D:\\WebDevelopment\\AppDemo\\Backend\\node_modules\\express\\lib\\router\\index.js:280:10)\n    at expressInit (D:\\WebDevelopment\\AppDemo\\Backend\\node_modules\\express\\lib\\middleware\\init.js:40:5)","timestamp":"2025-06-07T06:01:02.305Z"}
{"level":"error","message":"Unhandled error: Not allowed by CORS","method":"GET","path":"/api/auth/status","stack":"Error: Not allowed by CORS\n    at origin (D:\\WebDevelopment\\AppDemo\\Backend\\server.js:43:16)\n    at D:\\WebDevelopment\\AppDemo\\Backend\\node_modules\\cors\\lib\\index.js:219:13\n    at optionsCallback (D:\\WebDevelopment\\AppDemo\\Backend\\node_modules\\cors\\lib\\index.js:199:9)\n    at corsMiddleware (D:\\WebDevelopment\\AppDemo\\Backend\\node_modules\\cors\\lib\\index.js:204:7)\n    at Layer.handle [as handle_request] (D:\\WebDevelopment\\AppDemo\\Backend\\node_modules\\express\\lib\\router\\layer.js:95:5)\n    at trim_prefix (D:\\WebDevelopment\\AppDemo\\Backend\\node_modules\\express\\lib\\router\\index.js:328:13)\n    at D:\\WebDevelopment\\AppDemo\\Backend\\node_modules\\express\\lib\\router\\index.js:286:9\n    at Function.process_params (D:\\WebDevelopment\\AppDemo\\Backend\\node_modules\\express\\lib\\router\\index.js:346:12)\n    at next (D:\\WebDevelopment\\AppDemo\\Backend\\node_modules\\express\\lib\\router\\index.js:280:10)\n    at expressInit (D:\\WebDevelopment\\AppDemo\\Backend\\node_modules\\express\\lib\\middleware\\init.js:40:5)","timestamp":"2025-06-07T06:01:32.300Z"}
{"level":"error","message":"Unhandled error: Not allowed by CORS","method":"GET","path":"/api/auth/status","stack":"Error: Not allowed by CORS\n    at origin (D:\\WebDevelopment\\AppDemo\\Backend\\server.js:43:16)\n    at D:\\WebDevelopment\\AppDemo\\Backend\\node_modules\\cors\\lib\\index.js:219:13\n    at optionsCallback (D:\\WebDevelopment\\AppDemo\\Backend\\node_modules\\cors\\lib\\index.js:199:9)\n    at corsMiddleware (D:\\WebDevelopment\\AppDemo\\Backend\\node_modules\\cors\\lib\\index.js:204:7)\n    at Layer.handle [as handle_request] (D:\\WebDevelopment\\AppDemo\\Backend\\node_modules\\express\\lib\\router\\layer.js:95:5)\n    at trim_prefix (D:\\WebDevelopment\\AppDemo\\Backend\\node_modules\\express\\lib\\router\\index.js:328:13)\n    at D:\\WebDevelopment\\AppDemo\\Backend\\node_modules\\express\\lib\\router\\index.js:286:9\n    at Function.process_params (D:\\WebDevelopment\\AppDemo\\Backend\\node_modules\\express\\lib\\router\\index.js:346:12)\n    at next (D:\\WebDevelopment\\AppDemo\\Backend\\node_modules\\express\\lib\\router\\index.js:280:10)\n    at expressInit (D:\\WebDevelopment\\AppDemo\\Backend\\node_modules\\express\\lib\\middleware\\init.js:40:5)","timestamp":"2025-06-07T06:01:42.314Z"}
{"level":"error","message":"Unhandled error: Not allowed by CORS","method":"GET","path":"/api/auth/status","stack":"Error: Not allowed by CORS\n    at origin (D:\\WebDevelopment\\AppDemo\\Backend\\server.js:43:16)\n    at D:\\WebDevelopment\\AppDemo\\Backend\\node_modules\\cors\\lib\\index.js:219:13\n    at optionsCallback (D:\\WebDevelopment\\AppDemo\\Backend\\node_modules\\cors\\lib\\index.js:199:9)\n    at corsMiddleware (D:\\WebDevelopment\\AppDemo\\Backend\\node_modules\\cors\\lib\\index.js:204:7)\n    at Layer.handle [as handle_request] (D:\\WebDevelopment\\AppDemo\\Backend\\node_modules\\express\\lib\\router\\layer.js:95:5)\n    at trim_prefix (D:\\WebDevelopment\\AppDemo\\Backend\\node_modules\\express\\lib\\router\\index.js:328:13)\n    at D:\\WebDevelopment\\AppDemo\\Backend\\node_modules\\express\\lib\\router\\index.js:286:9\n    at Function.process_params (D:\\WebDevelopment\\AppDemo\\Backend\\node_modules\\express\\lib\\router\\index.js:346:12)\n    at next (D:\\WebDevelopment\\AppDemo\\Backend\\node_modules\\express\\lib\\router\\index.js:280:10)\n    at expressInit (D:\\WebDevelopment\\AppDemo\\Backend\\node_modules\\express\\lib\\middleware\\init.js:40:5)","timestamp":"2025-06-07T06:02:13.314Z"}
{"level":"error","message":"Unhandled error: Not allowed by CORS","method":"GET","path":"/api/auth/status","stack":"Error: Not allowed by CORS\n    at origin (D:\\WebDevelopment\\AppDemo\\Backend\\server.js:43:16)\n    at D:\\WebDevelopment\\AppDemo\\Backend\\node_modules\\cors\\lib\\index.js:219:13\n    at optionsCallback (D:\\WebDevelopment\\AppDemo\\Backend\\node_modules\\cors\\lib\\index.js:199:9)\n    at corsMiddleware (D:\\WebDevelopment\\AppDemo\\Backend\\node_modules\\cors\\lib\\index.js:204:7)\n    at Layer.handle [as handle_request] (D:\\WebDevelopment\\AppDemo\\Backend\\node_modules\\express\\lib\\router\\layer.js:95:5)\n    at trim_prefix (D:\\WebDevelopment\\AppDemo\\Backend\\node_modules\\express\\lib\\router\\index.js:328:13)\n    at D:\\WebDevelopment\\AppDemo\\Backend\\node_modules\\express\\lib\\router\\index.js:286:9\n    at Function.process_params (D:\\WebDevelopment\\AppDemo\\Backend\\node_modules\\express\\lib\\router\\index.js:346:12)\n    at next (D:\\WebDevelopment\\AppDemo\\Backend\\node_modules\\express\\lib\\router\\index.js:280:10)\n    at expressInit (D:\\WebDevelopment\\AppDemo\\Backend\\node_modules\\express\\lib\\middleware\\init.js:40:5)","timestamp":"2025-06-07T06:02:43.314Z"}
{"level":"error","message":"Unhandled error: Not allowed by CORS","method":"GET","path":"/api/auth/status","stack":"Error: Not allowed by CORS\n    at origin (D:\\WebDevelopment\\AppDemo\\Backend\\server.js:43:16)\n    at D:\\WebDevelopment\\AppDemo\\Backend\\node_modules\\cors\\lib\\index.js:219:13\n    at optionsCallback (D:\\WebDevelopment\\AppDemo\\Backend\\node_modules\\cors\\lib\\index.js:199:9)\n    at corsMiddleware (D:\\WebDevelopment\\AppDemo\\Backend\\node_modules\\cors\\lib\\index.js:204:7)\n    at Layer.handle [as handle_request] (D:\\WebDevelopment\\AppDemo\\Backend\\node_modules\\express\\lib\\router\\layer.js:95:5)\n    at trim_prefix (D:\\WebDevelopment\\AppDemo\\Backend\\node_modules\\express\\lib\\router\\index.js:328:13)\n    at D:\\WebDevelopment\\AppDemo\\Backend\\node_modules\\express\\lib\\router\\index.js:286:9\n    at Function.process_params (D:\\WebDevelopment\\AppDemo\\Backend\\node_modules\\express\\lib\\router\\index.js:346:12)\n    at next (D:\\WebDevelopment\\AppDemo\\Backend\\node_modules\\express\\lib\\router\\index.js:280:10)\n    at expressInit (D:\\WebDevelopment\\AppDemo\\Backend\\node_modules\\express\\lib\\middleware\\init.js:40:5)","timestamp":"2025-06-07T06:02:58.323Z"}
{"level":"error","message":"Unhandled error: Not allowed by CORS","method":"GET","path":"/api/auth/status","stack":"Error: Not allowed by CORS\n    at origin (D:\\WebDevelopment\\AppDemo\\Backend\\server.js:43:16)\n    at D:\\WebDevelopment\\AppDemo\\Backend\\node_modules\\cors\\lib\\index.js:219:13\n    at optionsCallback (D:\\WebDevelopment\\AppDemo\\Backend\\node_modules\\cors\\lib\\index.js:199:9)\n    at corsMiddleware (D:\\WebDevelopment\\AppDemo\\Backend\\node_modules\\cors\\lib\\index.js:204:7)\n    at Layer.handle [as handle_request] (D:\\WebDevelopment\\AppDemo\\Backend\\node_modules\\express\\lib\\router\\layer.js:95:5)\n    at trim_prefix (D:\\WebDevelopment\\AppDemo\\Backend\\node_modules\\express\\lib\\router\\index.js:328:13)\n    at D:\\WebDevelopment\\AppDemo\\Backend\\node_modules\\express\\lib\\router\\index.js:286:9\n    at Function.process_params (D:\\WebDevelopment\\AppDemo\\Backend\\node_modules\\express\\lib\\router\\index.js:346:12)\n    at next (D:\\WebDevelopment\\AppDemo\\Backend\\node_modules\\express\\lib\\router\\index.js:280:10)\n    at expressInit (D:\\WebDevelopment\\AppDemo\\Backend\\node_modules\\express\\lib\\middleware\\init.js:40:5)","timestamp":"2025-06-07T06:03:29.302Z"}
{"level":"warn","message":"HTTPS credentials not found, falling back to HTTP:","timestamp":"2025-06-07T08:40:22.918Z"}
{"level":"info","message":"Database connected successfully","timestamp":"2025-06-07T08:40:23.044Z"}
{"level":"info","message":"Session table checked/initialized successfully","timestamp":"2025-06-07T08:40:23.153Z"}
{"level":"info","message":"Admin user(s) already exist, skipping default admin creation.","timestamp":"2025-06-07T08:40:23.197Z"}
{"level":"info","message":"Server running on http://0.0.0.0:3000","timestamp":"2025-06-07T08:40:23.331Z"}
{"level":"warn","message":"CORS blocked origin: http://localhost:8080","timestamp":"2025-06-07T08:40:38.837Z"}
{"level":"error","message":"Unhandled error: Not allowed by CORS","method":"GET","path":"/api/auth/status","stack":"Error: Not allowed by CORS\n    at origin (D:\\WebDevelopment\\AppDemo\\Backend\\server.js:50:16)\n    at D:\\WebDevelopment\\AppDemo\\Backend\\node_modules\\cors\\lib\\index.js:219:13\n    at optionsCallback (D:\\WebDevelopment\\AppDemo\\Backend\\node_modules\\cors\\lib\\index.js:199:9)\n    at corsMiddleware (D:\\WebDevelopment\\AppDemo\\Backend\\node_modules\\cors\\lib\\index.js:204:7)\n    at Layer.handle [as handle_request] (D:\\WebDevelopment\\AppDemo\\Backend\\node_modules\\express\\lib\\router\\layer.js:95:5)\n    at trim_prefix (D:\\WebDevelopment\\AppDemo\\Backend\\node_modules\\express\\lib\\router\\index.js:328:13)\n    at D:\\WebDevelopment\\AppDemo\\Backend\\node_modules\\express\\lib\\router\\index.js:286:9\n    at Function.process_params (D:\\WebDevelopment\\AppDemo\\Backend\\node_modules\\express\\lib\\router\\index.js:346:12)\n    at next (D:\\WebDevelopment\\AppDemo\\Backend\\node_modules\\express\\lib\\router\\index.js:280:10)\n    at expressInit (D:\\WebDevelopment\\AppDemo\\Backend\\node_modules\\express\\lib\\middleware\\init.js:40:5)","timestamp":"2025-06-07T08:40:38.840Z"}
{"level":"warn","message":"CORS blocked origin: http://localhost:8080","timestamp":"2025-06-07T08:41:09.000Z"}
{"level":"error","message":"Unhandled error: Not allowed by CORS","method":"GET","path":"/api/auth/status","stack":"Error: Not allowed by CORS\n    at origin (D:\\WebDevelopment\\AppDemo\\Backend\\server.js:50:16)\n    at D:\\WebDevelopment\\AppDemo\\Backend\\node_modules\\cors\\lib\\index.js:219:13\n    at optionsCallback (D:\\WebDevelopment\\AppDemo\\Backend\\node_modules\\cors\\lib\\index.js:199:9)\n    at corsMiddleware (D:\\WebDevelopment\\AppDemo\\Backend\\node_modules\\cors\\lib\\index.js:204:7)\n    at Layer.handle [as handle_request] (D:\\WebDevelopment\\AppDemo\\Backend\\node_modules\\express\\lib\\router\\layer.js:95:5)\n    at trim_prefix (D:\\WebDevelopment\\AppDemo\\Backend\\node_modules\\express\\lib\\router\\index.js:328:13)\n    at D:\\WebDevelopment\\AppDemo\\Backend\\node_modules\\express\\lib\\router\\index.js:286:9\n    at Function.process_params (D:\\WebDevelopment\\AppDemo\\Backend\\node_modules\\express\\lib\\router\\index.js:346:12)\n    at next (D:\\WebDevelopment\\AppDemo\\Backend\\node_modules\\express\\lib\\router\\index.js:280:10)\n    at expressInit (D:\\WebDevelopment\\AppDemo\\Backend\\node_modules\\express\\lib\\middleware\\init.js:40:5)","timestamp":"2025-06-07T08:41:09.002Z"}
{"level":"info","message":"Database connected successfully","timestamp":"2025-06-07T17:39:51.593Z"}
{"level":"info","message":"Session table checked/initialized successfully","timestamp":"2025-06-07T17:39:51.689Z"}
{"level":"info","message":"Admin user(s) already exist, skipping default admin creation.","timestamp":"2025-06-07T17:39:51.726Z"}
{"level":"info","message":"Server running on port 3000","timestamp":"2025-06-07T17:39:51.816Z"}
{"level":"info","message":"Database connected successfully","timestamp":"2025-06-07T17:48:19.447Z"}
{"level":"info","message":"Session table checked/initialized successfully","timestamp":"2025-06-07T17:48:19.465Z"}
{"level":"info","message":"Admin user(s) already exist, skipping default admin creation.","timestamp":"2025-06-07T17:48:19.479Z"}
{"level":"info","message":"Server running on port 3000","timestamp":"2025-06-07T17:48:19.510Z"}
{"level":"info","message":"Database connected successfully","timestamp":"2025-06-07T17:48:24.718Z"}
{"level":"info","message":"Session table checked/initialized successfully","timestamp":"2025-06-07T17:48:24.741Z"}
{"level":"info","message":"Admin user(s) already exist, skipping default admin creation.","timestamp":"2025-06-07T17:48:24.749Z"}
{"level":"info","message":"Server running on port 3000","timestamp":"2025-06-07T17:48:24.778Z"}
{"level":"warn","message":"HTTPS credentials not found, falling back to HTTP:","timestamp":"2025-06-07T17:51:48.577Z"}
{"level":"info","message":"Session table checked/initialized successfully","timestamp":"2025-06-07T17:51:48.663Z"}
{"level":"info","message":"Admin user(s) already exist, skipping default admin creation.","timestamp":"2025-06-07T17:51:48.673Z"}
{"level":"info","message":"Server running on http://0.0.0.0:3000","timestamp":"2025-06-07T17:51:48.705Z"}
{"level":"info","message":"Database connected successfully","timestamp":"2025-06-07T17:51:48.737Z"}
{"level":"warn","message":"HTTPS credentials not found, falling back to HTTP:","timestamp":"2025-06-07T17:54:10.214Z"}
{"level":"info","message":"Session table checked/initialized successfully","timestamp":"2025-06-07T17:54:10.294Z"}
{"level":"info","message":"Admin user(s) already exist, skipping default admin creation.","timestamp":"2025-06-07T17:54:10.303Z"}
{"level":"info","message":"Server running on http://0.0.0.0:3000","timestamp":"2025-06-07T17:54:10.339Z"}
{"level":"info","message":"Database connected successfully","timestamp":"2025-06-07T17:54:10.375Z"}
{"level":"warn","message":"HTTPS credentials not found, falling back to HTTP:","timestamp":"2025-06-07T17:54:13.501Z"}
{"level":"info","message":"Database connected successfully","timestamp":"2025-06-07T17:54:13.564Z"}
{"level":"info","message":"Session table checked/initialized successfully","timestamp":"2025-06-07T17:54:13.681Z"}
{"level":"info","message":"Admin user(s) already exist, skipping default admin creation.","timestamp":"2025-06-07T17:54:13.689Z"}
{"level":"info","message":"Server running on http://0.0.0.0:3000","timestamp":"2025-06-07T17:54:13.717Z"}
{"level":"warn","message":"HTTPS credentials not found, falling back to HTTP:","timestamp":"2025-06-07T18:04:33.021Z"}
{"level":"info","message":"Database connected successfully","timestamp":"2025-06-07T18:04:33.184Z"}
{"level":"info","message":"Session table checked/initialized successfully","timestamp":"2025-06-07T18:04:33.196Z"}
{"level":"info","message":"Admin user(s) already exist, skipping default admin creation.","timestamp":"2025-06-07T18:04:33.204Z"}
{"level":"info","message":"Server running on http://0.0.0.0:3000","timestamp":"2025-06-07T18:04:33.230Z"}
{"level":"warn","message":"HTTPS credentials not found, falling back to HTTP:","timestamp":"2025-06-08T21:00:01.216Z"}
{"level":"info","message":"Database connected successfully","timestamp":"2025-06-08T21:00:01.540Z"}
{"level":"info","message":"Session table checked/initialized successfully","timestamp":"2025-06-08T21:00:01.933Z"}
{"level":"info","message":"Admin user(s) already exist, skipping default admin creation.","timestamp":"2025-06-08T21:00:02.296Z"}
{"level":"info","message":"Server running on http://0.0.0.0:3000","timestamp":"2025-06-08T21:00:02.409Z"}
{"level":"warn","message":"CORS blocked origin: http://localhost:8080","timestamp":"2025-06-08T21:00:06.699Z"}
{"level":"error","message":"Unhandled error: Not allowed by CORS","method":"GET","path":"/api/auth/status","stack":"Error: Not allowed by CORS\n    at origin (D:\\WebDevelopment\\LbLibrary\\Backend\\server.js:50:16)\n    at D:\\WebDevelopment\\LbLibrary\\Backend\\node_modules\\cors\\lib\\index.js:219:13\n    at optionsCallback (D:\\WebDevelopment\\LbLibrary\\Backend\\node_modules\\cors\\lib\\index.js:199:9)\n    at corsMiddleware (D:\\WebDevelopment\\LbLibrary\\Backend\\node_modules\\cors\\lib\\index.js:204:7)\n    at Layer.handle [as handle_request] (D:\\WebDevelopment\\LbLibrary\\Backend\\node_modules\\express\\lib\\router\\layer.js:95:5)\n    at trim_prefix (D:\\WebDevelopment\\LbLibrary\\Backend\\node_modules\\express\\lib\\router\\index.js:328:13)\n    at D:\\WebDevelopment\\LbLibrary\\Backend\\node_modules\\express\\lib\\router\\index.js:286:9\n    at Function.process_params (D:\\WebDevelopment\\LbLibrary\\Backend\\node_modules\\express\\lib\\router\\index.js:346:12)\n    at next (D:\\WebDevelopment\\LbLibrary\\Backend\\node_modules\\express\\lib\\router\\index.js:280:10)\n    at expressInit (D:\\WebDevelopment\\LbLibrary\\Backend\\node_modules\\express\\lib\\middleware\\init.js:40:5)","timestamp":"2025-06-08T21:00:06.718Z"}
{"level":"warn","message":"CORS blocked origin: http://localhost:8080","timestamp":"2025-06-08T21:00:10.288Z"}
{"level":"error","message":"Unhandled error: Not allowed by CORS","method":"GET","path":"/api/auth/status","stack":"Error: Not allowed by CORS\n    at origin (D:\\WebDevelopment\\LbLibrary\\Backend\\server.js:50:16)\n    at D:\\WebDevelopment\\LbLibrary\\Backend\\node_modules\\cors\\lib\\index.js:219:13\n    at optionsCallback (D:\\WebDevelopment\\LbLibrary\\Backend\\node_modules\\cors\\lib\\index.js:199:9)\n    at corsMiddleware (D:\\WebDevelopment\\LbLibrary\\Backend\\node_modules\\cors\\lib\\index.js:204:7)\n    at Layer.handle [as handle_request] (D:\\WebDevelopment\\LbLibrary\\Backend\\node_modules\\express\\lib\\router\\layer.js:95:5)\n    at trim_prefix (D:\\WebDevelopment\\LbLibrary\\Backend\\node_modules\\express\\lib\\router\\index.js:328:13)\n    at D:\\WebDevelopment\\LbLibrary\\Backend\\node_modules\\express\\lib\\router\\index.js:286:9\n    at Function.process_params (D:\\WebDevelopment\\LbLibrary\\Backend\\node_modules\\express\\lib\\router\\index.js:346:12)\n    at next (D:\\WebDevelopment\\LbLibrary\\Backend\\node_modules\\express\\lib\\router\\index.js:280:10)\n    at expressInit (D:\\WebDevelopment\\LbLibrary\\Backend\\node_modules\\express\\lib\\middleware\\init.js:40:5)","timestamp":"2025-06-08T21:00:10.291Z"}
{"level":"warn","message":"CORS blocked origin: http://localhost:8080","timestamp":"2025-06-08T21:00:41.005Z"}
{"level":"error","message":"Unhandled error: Not allowed by CORS","method":"GET","path":"/api/auth/status","stack":"Error: Not allowed by CORS\n    at origin (D:\\WebDevelopment\\LbLibrary\\Backend\\server.js:50:16)\n    at D:\\WebDevelopment\\LbLibrary\\Backend\\node_modules\\cors\\lib\\index.js:219:13\n    at optionsCallback (D:\\WebDevelopment\\LbLibrary\\Backend\\node_modules\\cors\\lib\\index.js:199:9)\n    at corsMiddleware (D:\\WebDevelopment\\LbLibrary\\Backend\\node_modules\\cors\\lib\\index.js:204:7)\n    at Layer.handle [as handle_request] (D:\\WebDevelopment\\LbLibrary\\Backend\\node_modules\\express\\lib\\router\\layer.js:95:5)\n    at trim_prefix (D:\\WebDevelopment\\LbLibrary\\Backend\\node_modules\\express\\lib\\router\\index.js:328:13)\n    at D:\\WebDevelopment\\LbLibrary\\Backend\\node_modules\\express\\lib\\router\\index.js:286:9\n    at Function.process_params (D:\\WebDevelopment\\LbLibrary\\Backend\\node_modules\\express\\lib\\router\\index.js:346:12)\n    at next (D:\\WebDevelopment\\LbLibrary\\Backend\\node_modules\\express\\lib\\router\\index.js:280:10)\n    at expressInit (D:\\WebDevelopment\\LbLibrary\\Backend\\node_modules\\express\\lib\\middleware\\init.js:40:5)","timestamp":"2025-06-08T21:00:41.007Z"}
{"level":"info","message":"Database connected successfully","timestamp":"2025-06-08T21:00:58.839Z"}
{"level":"info","message":"Session table checked/initialized successfully","timestamp":"2025-06-08T21:00:58.860Z"}
{"level":"info","message":"Admin user(s) already exist, skipping default admin creation.","timestamp":"2025-06-08T21:00:58.873Z"}
{"level":"info","message":"Server running on port 3000","timestamp":"2025-06-08T21:00:58.920Z"}
{"level":"info","message":"Database connected successfully","timestamp":"2025-06-08T21:02:50.000Z"}
{"level":"info","message":"Session table checked/initialized successfully","timestamp":"2025-06-08T21:02:50.015Z"}
{"level":"info","message":"Admin user(s) already exist, skipping default admin creation.","timestamp":"2025-06-08T21:02:50.023Z"}
{"level":"info","message":"Server running on port 3000","timestamp":"2025-06-08T21:02:50.055Z"}
{"level":"info","message":"Database connected successfully","timestamp":"2025-06-08T21:02:59.346Z"}
{"level":"info","message":"Session table checked/initialized successfully","timestamp":"2025-06-08T21:02:59.361Z"}
{"level":"info","message":"Admin user(s) already exist, skipping default admin creation.","timestamp":"2025-06-08T21:02:59.369Z"}
{"level":"info","message":"Server running on port 3000","timestamp":"2025-06-08T21:02:59.398Z"}
{"level":"info","message":"Database connected successfully","timestamp":"2025-06-08T21:07:01.455Z"}
{"level":"info","message":"Session table checked/initialized successfully","timestamp":"2025-06-08T21:07:01.476Z"}
{"level":"info","message":"Admin user(s) already exist, skipping default admin creation.","timestamp":"2025-06-08T21:07:01.486Z"}
{"level":"info","message":"Server running on port 3000","timestamp":"2025-06-08T21:07:01.527Z"}
{"level":"info","message":"Database connected successfully","timestamp":"2025-06-08T21:28:45.405Z"}
{"level":"info","message":"Session table checked/initialized successfully","timestamp":"2025-06-08T21:28:45.420Z"}
{"level":"info","message":"Admin user(s) already exist, skipping default admin creation.","timestamp":"2025-06-08T21:28:45.428Z"}
{"level":"info","message":"Server running on port 3000","timestamp":"2025-06-08T21:28:45.458Z"}
{"level":"info","message":"Database connected successfully","timestamp":"2025-06-09T17:54:33.775Z"}
{"level":"info","message":"Session table checked/initialized successfully","timestamp":"2025-06-09T17:54:33.779Z"}
{"level":"info","message":"Admin user(s) already exist, skipping default admin creation.","timestamp":"2025-06-09T17:54:33.810Z"}
{"level":"info","message":"Server running on port 3000","timestamp":"2025-06-09T17:54:33.902Z"}
{"level":"info","message":"Database connected successfully","timestamp":"2025-06-09T18:12:40.870Z"}
{"level":"info","message":"Session table checked/initialized successfully","timestamp":"2025-06-09T18:12:40.915Z"}
{"level":"info","message":"Admin user(s) already exist, skipping default admin creation.","timestamp":"2025-06-09T18:12:40.931Z"}
{"level":"info","message":"Server running on port 3000","timestamp":"2025-06-09T18:12:41.007Z"}
{"level":"info","message":"Database connected successfully","timestamp":"2025-06-09T18:49:12.452Z"}
{"level":"info","message":"Session table checked/initialized successfully","timestamp":"2025-06-09T18:49:12.493Z"}
{"level":"info","message":"Admin user(s) already exist, skipping default admin creation.","timestamp":"2025-06-09T18:49:12.506Z"}
{"level":"info","message":"Server running on port 3000","timestamp":"2025-06-09T18:49:12.588Z"}
{"level":"info","message":"Session table checked/initialized successfully","timestamp":"2025-06-09T18:55:07.506Z"}
{"level":"info","message":"Admin user(s) already exist, skipping default admin creation.","timestamp":"2025-06-09T18:55:07.518Z"}
{"level":"info","message":"Server running on port 3000","timestamp":"2025-06-09T18:55:07.544Z"}
{"level":"info","message":"Database connected successfully","timestamp":"2025-06-09T18:55:07.589Z"}
{"level":"info","message":"Database connected successfully","timestamp":"2025-06-10T03:42:38.545Z"}
{"level":"info","message":"Session table checked/initialized successfully","timestamp":"2025-06-10T03:42:38.653Z"}
{"level":"info","message":"Admin user(s) already exist, skipping default admin creation.","timestamp":"2025-06-10T03:42:38.693Z"}
{"level":"info","message":"Server running on port 3000","timestamp":"2025-06-10T03:42:38.792Z"}
{"level":"info","message":"Database connected successfully","timestamp":"2025-06-10T04:09:39.094Z"}
{"level":"info","message":"Session table checked/initialized successfully","timestamp":"2025-06-10T04:09:39.136Z"}
{"level":"info","message":"Admin user(s) already exist, skipping default admin creation.","timestamp":"2025-06-10T04:09:39.156Z"}
{"level":"info","message":"Server running on port 3000","timestamp":"2025-06-10T04:09:39.216Z"}
{"level":"info","message":"Database connected successfully","timestamp":"2025-06-10T04:30:52.350Z"}
{"level":"info","message":"Session table checked/initialized successfully","timestamp":"2025-06-10T04:30:52.412Z"}
{"level":"info","message":"Admin user(s) already exist, skipping default admin creation.","timestamp":"2025-06-10T04:30:52.434Z"}
{"level":"info","message":"Server running on port 3000","timestamp":"2025-06-10T04:30:52.485Z"}
{"level":"info","message":"Database connected successfully","timestamp":"2025-06-10T04:34:35.062Z"}
{"level":"info","message":"Session table checked/initialized successfully","timestamp":"2025-06-10T04:34:35.099Z"}
{"level":"info","message":"Admin user(s) already exist, skipping default admin creation.","timestamp":"2025-06-10T04:34:35.112Z"}
{"level":"info","message":"Server running on port 3000","timestamp":"2025-06-10T04:34:35.166Z"}
{"level":"info","message":"Database connected successfully","timestamp":"2025-06-10T04:34:38.568Z"}
{"level":"info","message":"Session table checked/initialized successfully","timestamp":"2025-06-10T04:34:38.598Z"}
{"level":"info","message":"Admin user(s) already exist, skipping default admin creation.","timestamp":"2025-06-10T04:34:38.611Z"}
{"level":"info","message":"Server running on port 3000","timestamp":"2025-06-10T04:34:38.666Z"}
{"level":"info","message":"Database connected successfully","timestamp":"2025-06-10T04:49:39.841Z"}
{"level":"info","message":"Session table checked/initialized successfully","timestamp":"2025-06-10T04:49:39.902Z"}
{"level":"info","message":"Admin user(s) already exist, skipping default admin creation.","timestamp":"2025-06-10T04:49:39.922Z"}
{"level":"info","message":"Server running on port 3000","timestamp":"2025-06-10T04:49:39.970Z"}
{"level":"info","message":"Database connected successfully","timestamp":"2025-06-11T04:11:01.064Z"}
{"level":"info","message":"Session table checked/initialized successfully","timestamp":"2025-06-11T04:11:01.183Z"}
{"level":"info","message":"Admin user(s) already exist, skipping default admin creation.","timestamp":"2025-06-11T04:11:01.225Z"}
{"level":"info","message":"Server running on port 3000","timestamp":"2025-06-11T04:11:01.354Z"}
{"level":"info","message":"Database connected successfully","timestamp":"2025-06-11T05:21:16.817Z"}
{"level":"info","message":"Session table checked/initialized successfully","timestamp":"2025-06-11T05:21:16.847Z"}
{"level":"info","message":"Admin user(s) already exist, skipping default admin creation.","timestamp":"2025-06-11T05:21:16.865Z"}
{"level":"info","message":"Server running on port 3000","timestamp":"2025-06-11T05:21:16.908Z"}
{"level":"info","message":"Database connected successfully","timestamp":"2025-06-11T05:22:50.358Z"}
{"level":"info","message":"Session table checked/initialized successfully","timestamp":"2025-06-11T05:22:50.381Z"}
{"level":"info","message":"Admin user(s) already exist, skipping default admin creation.","timestamp":"2025-06-11T05:22:50.393Z"}
{"level":"info","message":"Server running on port 3000","timestamp":"2025-06-11T05:22:50.430Z"}
{"level":"info","message":"Database connected successfully","timestamp":"2025-06-11T05:23:17.203Z"}
{"level":"info","message":"Session table checked/initialized successfully","timestamp":"2025-06-11T05:23:17.235Z"}
{"level":"info","message":"Admin user(s) already exist, skipping default admin creation.","timestamp":"2025-06-11T05:23:17.248Z"}
{"level":"info","message":"Server running on port 3000","timestamp":"2025-06-11T05:23:17.284Z"}
{"level":"info","message":"Session table checked/initialized successfully","timestamp":"2025-06-11T05:36:43.110Z"}
{"level":"info","message":"Admin user(s) already exist, skipping default admin creation.","timestamp":"2025-06-11T05:36:43.128Z"}
{"level":"info","message":"Server running on port 3000","timestamp":"2025-06-11T05:36:43.160Z"}
{"level":"info","message":"Database connected successfully","timestamp":"2025-06-11T05:36:43.170Z"}
{"level":"info","message":"Database connected successfully","timestamp":"2025-06-11T05:54:53.418Z"}
{"level":"info","message":"Session table checked/initialized successfully","timestamp":"2025-06-11T05:54:53.434Z"}
{"level":"info","message":"Admin user(s) already exist, skipping default admin creation.","timestamp":"2025-06-11T05:54:53.442Z"}
{"level":"info","message":"Server running on port 3000","timestamp":"2025-06-11T05:54:53.471Z"}
{"level":"info","message":"Database connected successfully","timestamp":"2025-06-11T06:00:02.750Z"}
{"level":"info","message":"Session table checked/initialized successfully","timestamp":"2025-06-11T06:00:02.765Z"}
{"level":"info","message":"Admin user(s) already exist, skipping default admin creation.","timestamp":"2025-06-11T06:00:02.774Z"}
{"level":"info","message":"Server running on port 3000","timestamp":"2025-06-11T06:00:02.801Z"}
{"level":"info","message":"Database connected successfully","timestamp":"2025-06-11T06:02:32.875Z"}
{"level":"info","message":"Session table checked/initialized successfully","timestamp":"2025-06-11T06:02:32.891Z"}
{"level":"info","message":"Admin user(s) already exist, skipping default admin creation.","timestamp":"2025-06-11T06:02:32.898Z"}
{"level":"info","message":"Server running on port 3000","timestamp":"2025-06-11T06:02:32.924Z"}
{"level":"info","message":"Database connected successfully","timestamp":"2025-06-11T07:26:32.742Z"}
{"level":"info","message":"Session table checked/initialized successfully","timestamp":"2025-06-11T07:26:32.863Z"}
{"level":"info","message":"Admin user(s) already exist, skipping default admin creation.","timestamp":"2025-06-11T07:26:32.907Z"}
{"level":"info","message":"Server running on port 3000","timestamp":"2025-06-11T07:26:33.040Z"}
{"level":"info","message":"Database connected successfully","timestamp":"2025-06-11T08:15:16.590Z"}
{"level":"info","message":"Session table checked/initialized successfully","timestamp":"2025-06-11T08:15:16.720Z"}
{"level":"info","message":"Admin user(s) already exist, skipping default admin creation.","timestamp":"2025-06-11T08:15:16.769Z"}
{"level":"info","message":"Server running on port 3000","timestamp":"2025-06-11T08:15:16.903Z"}
{"level":"info","message":"Database connected successfully","timestamp":"2025-06-11T10:27:31.877Z"}
{"level":"info","message":"Session table checked/initialized successfully","timestamp":"2025-06-11T10:27:31.954Z"}
{"level":"info","message":"Admin user(s) already exist, skipping default admin creation.","timestamp":"2025-06-11T10:27:31.985Z"}
{"level":"info","message":"Server running on port 3000","timestamp":"2025-06-11T10:27:32.078Z"}
{"level":"info","message":"Database connected successfully","timestamp":"2025-06-11T10:36:28.473Z"}
{"level":"info","message":"Session table checked/initialized successfully","timestamp":"2025-06-11T10:36:28.496Z"}
{"level":"info","message":"Admin user(s) already exist, skipping default admin creation.","timestamp":"2025-06-11T10:36:28.508Z"}
{"level":"info","message":"Server running on port 3000","timestamp":"2025-06-11T10:36:28.556Z"}
{"level":"info","message":"Database connected successfully","timestamp":"2025-06-11T16:39:00.258Z"}
{"level":"info","message":"Session table checked/initialized successfully","timestamp":"2025-06-11T16:39:00.419Z"}
{"level":"info","message":"Admin user(s) already exist, skipping default admin creation.","timestamp":"2025-06-11T16:39:00.472Z"}
{"level":"info","message":"Server running on port 3000","timestamp":"2025-06-11T16:39:00.594Z"}
{"level":"info","message":"Database connected successfully","timestamp":"2025-06-11T18:16:46.961Z"}
{"level":"info","message":"Session table checked/initialized successfully","timestamp":"2025-06-11T18:16:47.010Z"}
{"level":"info","message":"Admin user(s) already exist, skipping default admin creation.","timestamp":"2025-06-11T18:16:47.036Z"}
{"level":"info","message":"Server running on port 3000","timestamp":"2025-06-11T18:16:47.098Z"}
{"level":"info","message":"Database connected successfully","timestamp":"2025-06-11T19:14:13.645Z"}
{"level":"info","message":"Session table checked/initialized successfully","timestamp":"2025-06-11T19:14:13.659Z"}
{"level":"info","message":"Admin user(s) already exist, skipping default admin creation.","timestamp":"2025-06-11T19:14:13.669Z"}
{"level":"info","message":"Server running on port 3000","timestamp":"2025-06-11T19:14:13.721Z"}
{"level":"info","message":"Session table checked/initialized successfully","timestamp":"2025-06-11T19:17:25.902Z"}
{"level":"info","message":"Admin user(s) already exist, skipping default admin creation.","timestamp":"2025-06-11T19:17:25.914Z"}
{"level":"info","message":"Server running on port 3000","timestamp":"2025-06-11T19:17:25.950Z"}
{"level":"info","message":"Database connected successfully","timestamp":"2025-06-11T19:17:25.984Z"}
{"level":"info","message":"Database connected successfully","timestamp":"2025-06-11T19:23:04.157Z"}
{"level":"info","message":"Session table checked/initialized successfully","timestamp":"2025-06-11T19:23:04.176Z"}
{"level":"info","message":"Admin user(s) already exist, skipping default admin creation.","timestamp":"2025-06-11T19:23:04.191Z"}
{"level":"info","message":"Server running on port 3000","timestamp":"2025-06-11T19:23:04.230Z"}
{"level":"info","message":"Database connected successfully","timestamp":"2025-06-11T19:59:27.197Z"}
{"level":"info","message":"Session table checked/initialized successfully","timestamp":"2025-06-11T19:59:27.228Z"}
{"level":"info","message":"Admin user(s) already exist, skipping default admin creation.","timestamp":"2025-06-11T19:59:27.242Z"}
{"level":"info","message":"Server running on port 3000","timestamp":"2025-06-11T19:59:27.281Z"}
{"level":"info","message":"Database connected successfully","timestamp":"2025-06-11T20:45:19.567Z"}
{"level":"info","message":"Session table checked/initialized successfully","timestamp":"2025-06-11T20:45:19.606Z"}
{"level":"info","message":"Admin user(s) already exist, skipping default admin creation.","timestamp":"2025-06-11T20:45:19.620Z"}
{"level":"info","message":"Server running on port 3000","timestamp":"2025-06-11T20:45:19.707Z"}
{"level":"info","message":"Database connected successfully","timestamp":"2025-06-12T05:20:04.323Z"}
{"level":"info","message":"Session table checked/initialized successfully","timestamp":"2025-06-12T05:20:04.338Z"}
{"level":"info","message":"Admin user(s) already exist, skipping default admin creation.","timestamp":"2025-06-12T05:20:04.354Z"}
{"level":"info","message":"Server running on port 3000","timestamp":"2025-06-12T05:20:04.401Z"}
{"level":"info","message":"Database connected successfully","timestamp":"2025-06-12T07:04:16.529Z"}
{"level":"info","message":"Session table checked/initialized successfully","timestamp":"2025-06-12T07:04:16.552Z"}
{"level":"info","message":"Admin user(s) already exist, skipping default admin creation.","timestamp":"2025-06-12T07:04:16.572Z"}
{"level":"info","message":"Server running on port 3000","timestamp":"2025-06-12T07:04:16.671Z"}
{"level":"info","message":"Database connected successfully","timestamp":"2025-06-12T07:07:49.538Z"}
{"level":"info","message":"Session table checked/initialized successfully","timestamp":"2025-06-12T07:07:49.573Z"}
{"level":"info","message":"Admin user(s) already exist, skipping default admin creation.","timestamp":"2025-06-12T07:07:49.590Z"}
{"level":"info","message":"Server running on port 3000","timestamp":"2025-06-12T07:07:49.661Z"}
{"level":"info","message":"Database connected successfully","timestamp":"2025-06-12T07:08:05.177Z"}
{"level":"info","message":"Session table checked/initialized successfully","timestamp":"2025-06-12T07:08:05.252Z"}
{"level":"info","message":"Admin user(s) already exist, skipping default admin creation.","timestamp":"2025-06-12T07:08:05.278Z"}
{"level":"info","message":"Server running on port 3000","timestamp":"2025-06-12T07:08:05.424Z"}
{"level":"info","message":"Session table checked/initialized successfully","timestamp":"2025-06-12T07:36:05.657Z"}
{"level":"info","message":"Admin user(s) already exist, skipping default admin creation.","timestamp":"2025-06-12T07:36:05.689Z"}
{"level":"info","message":"Server running on port 3000","timestamp":"2025-06-12T07:36:05.786Z"}
{"level":"info","message":"Database connected successfully","timestamp":"2025-06-12T07:36:05.788Z"}
{"level":"info","message":"Session table checked/initialized successfully","timestamp":"2025-06-12T07:37:17.634Z"}
{"level":"info","message":"Admin user(s) already exist, skipping default admin creation.","timestamp":"2025-06-12T07:37:17.646Z"}
{"level":"info","message":"Server running on port 3000","timestamp":"2025-06-12T07:37:17.675Z"}
{"level":"info","message":"Database connected successfully","timestamp":"2025-06-12T07:37:17.720Z"}
{"level":"info","message":"Database connected successfully","timestamp":"2025-06-12T07:37:20.870Z"}
{"level":"info","message":"Session table checked/initialized successfully","timestamp":"2025-06-12T07:37:20.888Z"}
{"level":"info","message":"Admin user(s) already exist, skipping default admin creation.","timestamp":"2025-06-12T07:37:20.896Z"}
{"level":"info","message":"Server running on port 3000","timestamp":"2025-06-12T07:37:20.925Z"}
{"level":"info","message":"Database connected successfully","timestamp":"2025-06-13T18:30:32.296Z"}
{"level":"info","message":"Session table checked/initialized successfully","timestamp":"2025-06-13T18:30:32.442Z"}
{"level":"info","message":"Admin user(s) already exist, skipping default admin creation.","timestamp":"2025-06-13T18:30:32.474Z"}
{"level":"info","message":"Server running on port 3000","timestamp":"2025-06-13T18:30:32.550Z"}
{"level":"info","message":"Database connected successfully","timestamp":"2025-06-14T05:52:58.089Z"}
{"level":"info","message":"Session table checked/initialized successfully","timestamp":"2025-06-14T05:52:58.189Z"}
{"level":"info","message":"Admin user(s) already exist, skipping default admin creation.","timestamp":"2025-06-14T05:52:58.228Z"}
{"level":"info","message":"Server running on port 3000","timestamp":"2025-06-14T05:52:58.316Z"}
{"level":"info","message":"Database connected successfully","timestamp":"2025-06-14T06:04:10.968Z"}
{"level":"info","message":"Session table checked/initialized successfully","timestamp":"2025-06-14T06:04:11.001Z"}
{"level":"info","message":"Admin user(s) already exist, skipping default admin creation.","timestamp":"2025-06-14T06:04:11.027Z"}
{"level":"info","message":"Server running on port 3000","timestamp":"2025-06-14T06:04:11.094Z"}
{"level":"info","message":"Database connected successfully","timestamp":"2025-06-14T06:14:00.198Z"}
{"level":"info","message":"Session table checked/initialized successfully","timestamp":"2025-06-14T06:14:00.235Z"}
{"level":"info","message":"Admin user(s) already exist, skipping default admin creation.","timestamp":"2025-06-14T06:14:00.253Z"}
{"level":"info","message":"Server running on port 3000","timestamp":"2025-06-14T06:14:00.300Z"}
{"level":"info","message":"Database connected successfully","timestamp":"2025-06-14T07:07:50.072Z"}
{"level":"info","message":"Session table checked/initialized successfully","timestamp":"2025-06-14T07:07:50.104Z"}
{"level":"info","message":"Admin user(s) already exist, skipping default admin creation.","timestamp":"2025-06-14T07:07:50.120Z"}
{"level":"info","message":"Server running on port 3000","timestamp":"2025-06-14T07:07:50.169Z"}
{"level":"info","message":"Database connected successfully","timestamp":"2025-06-14T07:14:39.083Z"}
{"level":"info","message":"Session table checked/initialized successfully","timestamp":"2025-06-14T07:14:39.113Z"}
{"level":"info","message":"Admin user(s) already exist, skipping default admin creation.","timestamp":"2025-06-14T07:14:39.136Z"}
{"level":"info","message":"Server running on port 3000","timestamp":"2025-06-14T07:14:39.186Z"}
{"level":"info","message":"Database connected successfully","timestamp":"2025-06-14T07:17:17.546Z"}
{"level":"info","message":"Session table checked/initialized successfully","timestamp":"2025-06-14T07:17:17.570Z"}
{"level":"info","message":"Admin user(s) already exist, skipping default admin creation.","timestamp":"2025-06-14T07:17:17.583Z"}
{"level":"info","message":"Server running on port 3000","timestamp":"2025-06-14T07:17:17.630Z"}
{"level":"info","message":"Database connected successfully","timestamp":"2025-06-14T07:24:04.392Z"}
{"level":"info","message":"Session table checked/initialized successfully","timestamp":"2025-06-14T07:24:04.421Z"}
{"level":"info","message":"Admin user(s) already exist, skipping default admin creation.","timestamp":"2025-06-14T07:24:04.431Z"}
{"level":"info","message":"Server running on port 3000","timestamp":"2025-06-14T07:24:04.461Z"}
{"level":"info","message":"Database connected successfully","timestamp":"2025-06-15T14:31:18.932Z"}
{"level":"info","message":"Session table checked/initialized successfully","timestamp":"2025-06-15T14:31:18.962Z"}
{"level":"info","message":"Admin user(s) already exist, skipping default admin creation.","timestamp":"2025-06-15T14:31:18.978Z"}
{"level":"info","message":"Server running on port 3000","timestamp":"2025-06-15T14:31:19.013Z"}
{"level":"info","message":"Database connected successfully","timestamp":"2025-06-15T14:34:59.479Z"}
{"level":"info","message":"Session table checked/initialized successfully","timestamp":"2025-06-15T14:34:59.504Z"}
{"level":"info","message":"Admin user(s) already exist, skipping default admin creation.","timestamp":"2025-06-15T14:34:59.521Z"}
{"level":"info","message":"Server running on port 3000","timestamp":"2025-06-15T14:34:59.590Z"}
{"level":"info","message":"Database connected successfully","timestamp":"2025-06-15T14:38:32.702Z"}
{"level":"info","message":"Session table checked/initialized successfully","timestamp":"2025-06-15T14:38:32.720Z"}
{"level":"info","message":"Admin user(s) already exist, skipping default admin creation.","timestamp":"2025-06-15T14:38:32.732Z"}
{"level":"info","message":"Server running on port 3000","timestamp":"2025-06-15T14:38:32.773Z"}
{"level":"info","message":"Database connected successfully","timestamp":"2025-06-15T14:38:51.079Z"}
{"level":"info","message":"Session table checked/initialized successfully","timestamp":"2025-06-15T14:38:51.104Z"}
{"level":"info","message":"Admin user(s) already exist, skipping default admin creation.","timestamp":"2025-06-15T14:38:51.117Z"}
{"level":"info","message":"Server running on port 3000","timestamp":"2025-06-15T14:38:51.156Z"}
{"level":"info","message":"Database connected successfully","timestamp":"2025-06-16T04:35:44.558Z"}
{"level":"info","message":"Session table checked/initialized successfully","timestamp":"2025-06-16T04:35:44.599Z"}
{"level":"info","message":"Admin user(s) already exist, skipping default admin creation.","timestamp":"2025-06-16T04:35:44.623Z"}
{"level":"info","message":"Server running on port 3000","timestamp":"2025-06-16T04:35:44.680Z"}
{"level":"info","message":"Database connected successfully","timestamp":"2025-06-16T05:36:21.936Z"}
{"level":"info","message":"Session table checked/initialized successfully","timestamp":"2025-06-16T05:36:21.990Z"}
{"level":"info","message":"Admin user(s) already exist, skipping default admin creation.","timestamp":"2025-06-16T05:36:22.015Z"}
{"level":"info","message":"Server running on port 3000","timestamp":"2025-06-16T05:36:22.065Z"}
{"level":"info","message":"Database connected successfully","timestamp":"2025-06-16T05:39:33.693Z"}
{"level":"info","message":"Session table checked/initialized successfully","timestamp":"2025-06-16T05:39:33.744Z"}
{"level":"info","message":"Admin user(s) already exist, skipping default admin creation.","timestamp":"2025-06-16T05:39:33.765Z"}
{"level":"info","message":"Server running on port 3000","timestamp":"2025-06-16T05:39:33.829Z"}
{"level":"info","message":"Database connected successfully","timestamp":"2025-06-16T05:39:36.563Z"}
{"level":"info","message":"Session table checked/initialized successfully","timestamp":"2025-06-16T05:39:36.583Z"}
{"level":"info","message":"Admin user(s) already exist, skipping default admin creation.","timestamp":"2025-06-16T05:39:36.594Z"}
{"level":"info","message":"Server running on port 3000","timestamp":"2025-06-16T05:39:36.642Z"}
{"level":"info","message":"Session table checked/initialized successfully","timestamp":"2025-06-16T07:15:29.995Z"}
{"level":"info","message":"Admin user(s) already exist, skipping default admin creation.","timestamp":"2025-06-16T07:15:30.012Z"}
{"level":"info","message":"Server running on port 3000","timestamp":"2025-06-16T07:15:30.092Z"}
{"level":"info","message":"Database connected successfully","timestamp":"2025-06-16T07:15:30.099Z"}
{"level":"info","message":"Database connected successfully","timestamp":"2025-06-16T09:19:39.600Z"}
{"level":"info","message":"Session table checked/initialized successfully","timestamp":"2025-06-16T09:19:39.643Z"}
{"level":"info","message":"Admin user(s) already exist, skipping default admin creation.","timestamp":"2025-06-16T09:19:39.661Z"}
{"level":"info","message":"Server running on port 3000","timestamp":"2025-06-16T09:19:39.817Z"}
{"level":"info","message":"Database connected successfully","timestamp":"2025-06-16T15:20:12.085Z"}
{"level":"info","message":"Session table checked/initialized successfully","timestamp":"2025-06-16T15:20:12.158Z"}
{"level":"info","message":"Admin user(s) already exist, skipping default admin creation.","timestamp":"2025-06-16T15:20:12.190Z"}
{"level":"info","message":"Server running on port 3000","timestamp":"2025-06-16T15:20:12.338Z"}
{"level":"info","message":"Database connected successfully","timestamp":"2025-06-16T16:07:26.899Z"}
{"level":"info","message":"Session table checked/initialized successfully","timestamp":"2025-06-16T16:07:26.939Z"}
{"level":"info","message":"Admin user(s) already exist, skipping default admin creation.","timestamp":"2025-06-16T16:07:26.956Z"}
{"level":"info","message":"Server running on port 3000","timestamp":"2025-06-16T16:07:27.066Z"}
{"level":"info","message":"Database connected successfully","timestamp":"2025-06-16T18:09:38.337Z"}
{"level":"info","message":"Session table checked/initialized successfully","timestamp":"2025-06-16T18:09:38.361Z"}
{"level":"info","message":"Admin user(s) already exist, skipping default admin creation.","timestamp":"2025-06-16T18:09:38.373Z"}
{"level":"info","message":"Server running on port 3000","timestamp":"2025-06-16T18:09:38.421Z"}
{"level":"info","message":"Database connected successfully","timestamp":"2025-06-16T18:09:41.498Z"}
{"level":"info","message":"Session table checked/initialized successfully","timestamp":"2025-06-16T18:09:41.524Z"}
{"level":"info","message":"Admin user(s) already exist, skipping default admin creation.","timestamp":"2025-06-16T18:09:41.535Z"}
{"level":"info","message":"Server running on port 3000","timestamp":"2025-06-16T18:09:41.577Z"}
{"level":"info","message":"Database connected successfully","timestamp":"2025-06-16T18:33:28.444Z"}
{"level":"info","message":"Session table checked/initialized successfully","timestamp":"2025-06-16T18:33:28.527Z"}
{"level":"info","message":"Admin user(s) already exist, skipping default admin creation.","timestamp":"2025-06-16T18:33:28.553Z"}
{"level":"info","message":"Server running on port 3000","timestamp":"2025-06-16T18:33:28.698Z"}
{"level":"info","message":"Session table checked/initialized successfully","timestamp":"2025-06-16T18:34:16.816Z"}
{"level":"info","message":"Admin user(s) already exist, skipping default admin creation.","timestamp":"2025-06-16T18:34:16.834Z"}
{"level":"info","message":"Server running on port 3000","timestamp":"2025-06-16T18:34:16.889Z"}
{"level":"info","message":"Database connected successfully","timestamp":"2025-06-16T18:34:16.905Z"}
{"level":"info","message":"Database connected successfully","timestamp":"2025-06-16T18:34:21.448Z"}
{"level":"info","message":"Session table checked/initialized successfully","timestamp":"2025-06-16T18:34:21.472Z"}
{"level":"info","message":"Admin user(s) already exist, skipping default admin creation.","timestamp":"2025-06-16T18:34:21.483Z"}
{"level":"info","message":"Server running on port 3000","timestamp":"2025-06-16T18:34:21.532Z"}
{"level":"info","message":"Database connected successfully","timestamp":"2025-06-17T03:59:17.220Z"}
{"level":"info","message":"Session table checked/initialized successfully","timestamp":"2025-06-17T03:59:17.350Z"}
{"level":"info","message":"Admin user(s) already exist, skipping default admin creation.","timestamp":"2025-06-17T03:59:17.400Z"}
{"level":"info","message":"Server running on port 3000","timestamp":"2025-06-17T03:59:17.538Z"}
{"level":"info","message":"Database connected successfully","timestamp":"2025-06-17T04:28:36.497Z"}
{"level":"info","message":"Session table checked/initialized successfully","timestamp":"2025-06-17T04:28:36.518Z"}
{"level":"info","message":"Admin user(s) already exist, skipping default admin creation.","timestamp":"2025-06-17T04:28:36.530Z"}
{"level":"info","message":"Server running on port 3000","timestamp":"2025-06-17T04:28:36.576Z"}
{"level":"info","message":"Database connected successfully","timestamp":"2025-06-17T12:39:05.022Z"}
{"level":"info","message":"Session table checked/initialized successfully","timestamp":"2025-06-17T12:39:05.095Z"}
{"level":"info","message":"Admin user(s) already exist, skipping default admin creation.","timestamp":"2025-06-17T12:39:05.127Z"}
{"level":"info","message":"Server running on port 3000","timestamp":"2025-06-17T12:39:05.205Z"}
{"level":"info","message":"Database connected successfully","timestamp":"2025-06-17T12:50:10.934Z"}
{"level":"info","message":"Session table checked/initialized successfully","timestamp":"2025-06-17T12:50:10.949Z"}
{"level":"info","message":"Admin user(s) already exist, skipping default admin creation.","timestamp":"2025-06-17T12:50:10.959Z"}
{"level":"info","message":"Server running on port 3000","timestamp":"2025-06-17T12:50:10.994Z"}
{"level":"info","message":"Database connected successfully","timestamp":"2025-06-17T12:50:41.787Z"}
{"level":"info","message":"Session table checked/initialized successfully","timestamp":"2025-06-17T12:50:41.805Z"}
{"level":"info","message":"Admin user(s) already exist, skipping default admin creation.","timestamp":"2025-06-17T12:50:41.815Z"}
{"level":"info","message":"Server running on port 3000","timestamp":"2025-06-17T12:50:41.847Z"}
{"level":"info","message":"Database connected successfully","timestamp":"2025-06-17T13:20:33.364Z"}
{"level":"info","message":"Session table checked/initialized successfully","timestamp":"2025-06-17T13:20:33.521Z"}
{"level":"info","message":"Admin user(s) already exist, skipping default admin creation.","timestamp":"2025-06-17T13:20:33.557Z"}
{"level":"info","message":"Server running on port 3000","timestamp":"2025-06-17T13:20:33.649Z"}
{"level":"info","message":"Database connected successfully","timestamp":"2025-06-17T13:21:15.280Z"}
{"level":"info","message":"Session table checked/initialized successfully","timestamp":"2025-06-17T13:21:15.295Z"}
{"level":"info","message":"Admin user(s) already exist, skipping default admin creation.","timestamp":"2025-06-17T13:21:15.304Z"}
{"level":"info","message":"Server running on port 3000","timestamp":"2025-06-17T13:21:15.334Z"}
{"level":"info","message":"Database connected successfully","timestamp":"2025-06-17T18:40:59.446Z"}
{"level":"info","message":"Session table checked/initialized successfully","timestamp":"2025-06-17T18:40:59.468Z"}
{"level":"info","message":"Admin user(s) already exist, skipping default admin creation.","timestamp":"2025-06-17T18:40:59.482Z"}
{"level":"info","message":"Server running on port 3000","timestamp":"2025-06-17T18:40:59.534Z"}
{"level":"info","message":"Database connected successfully","timestamp":"2025-06-17T18:53:02.484Z"}
{"level":"info","message":"Session table checked/initialized successfully","timestamp":"2025-06-17T18:53:02.520Z"}
{"level":"info","message":"Admin user(s) already exist, skipping default admin creation.","timestamp":"2025-06-17T18:53:02.538Z"}
{"level":"info","message":"Server running on port 3000","timestamp":"2025-06-17T18:53:02.590Z"}
{"level":"info","message":"Database connected successfully","timestamp":"2025-06-18T02:40:43.944Z"}
{"level":"info","message":"Session table checked/initialized successfully","timestamp":"2025-06-18T02:40:44.086Z"}
{"level":"info","message":"Admin user(s) already exist, skipping default admin creation.","timestamp":"2025-06-18T02:40:44.135Z"}
{"level":"info","message":"Server running on port 3000","timestamp":"2025-06-18T02:40:44.266Z"}
{"level":"info","message":"Database connected successfully","timestamp":"2025-06-18T03:02:38.121Z"}
{"level":"info","message":"Session table checked/initialized successfully","timestamp":"2025-06-18T03:02:38.157Z"}
{"level":"info","message":"Admin user(s) already exist, skipping default admin creation.","timestamp":"2025-06-18T03:02:38.174Z"}
{"level":"info","message":"Server running on port 3000","timestamp":"2025-06-18T03:02:38.227Z"}
{"level":"info","message":"Database connected successfully","timestamp":"2025-06-18T05:07:47.157Z"}
{"level":"info","message":"Session table checked/initialized successfully","timestamp":"2025-06-18T05:07:47.283Z"}
{"level":"info","message":"Admin user(s) already exist, skipping default admin creation.","timestamp":"2025-06-18T05:07:47.332Z"}
{"level":"info","message":"Server running on port 3000","timestamp":"2025-06-18T05:07:47.477Z"}
{"level":"info","message":"Session table checked/initialized successfully","timestamp":"2025-06-18T05:45:28.483Z"}
{"level":"info","message":"Admin user(s) already exist, skipping default admin creation.","timestamp":"2025-06-18T05:45:28.508Z"}
{"level":"info","message":"Server running on port 3000","timestamp":"2025-06-18T05:45:28.564Z"}
{"level":"info","message":"Database connected successfully","timestamp":"2025-06-18T05:45:28.577Z"}
{"level":"info","message":"Database connected successfully","timestamp":"2025-06-18T06:03:53.327Z"}
{"level":"info","message":"Session table checked/initialized successfully","timestamp":"2025-06-18T06:03:53.347Z"}
{"level":"info","message":"Admin user(s) already exist, skipping default admin creation.","timestamp":"2025-06-18T06:03:53.366Z"}
{"level":"info","message":"Server running on port 3000","timestamp":"2025-06-18T06:03:53.398Z"}
{"level":"info","message":"Database connected successfully","timestamp":"2025-06-18T06:09:42.192Z"}
{"level":"info","message":"Session table checked/initialized successfully","timestamp":"2025-06-18T06:09:42.219Z"}
{"level":"info","message":"Admin user(s) already exist, skipping default admin creation.","timestamp":"2025-06-18T06:09:42.231Z"}
{"level":"info","message":"Server running on port 3000","timestamp":"2025-06-18T06:09:42.279Z"}
{"level":"info","message":"Database connected successfully","timestamp":"2025-06-18T06:09:43.594Z"}
{"level":"info","message":"Session table checked/initialized successfully","timestamp":"2025-06-18T06:09:43.619Z"}
{"level":"info","message":"Admin user(s) already exist, skipping default admin creation.","timestamp":"2025-06-18T06:09:43.628Z"}
{"level":"info","message":"Server running on port 3000","timestamp":"2025-06-18T06:09:43.662Z"}
{"level":"info","message":"Database connected successfully","timestamp":"2025-06-18T06:10:04.387Z"}
{"level":"info","message":"Session table checked/initialized successfully","timestamp":"2025-06-18T06:10:04.406Z"}
{"level":"info","message":"Admin user(s) already exist, skipping default admin creation.","timestamp":"2025-06-18T06:10:04.415Z"}
{"level":"info","message":"Server running on port 3000","timestamp":"2025-06-18T06:10:04.444Z"}
{"level":"info","message":"Database connected successfully","timestamp":"2025-06-18T06:10:05.878Z"}
{"level":"info","message":"Session table checked/initialized successfully","timestamp":"2025-06-18T06:10:05.889Z"}
{"level":"info","message":"Admin user(s) already exist, skipping default admin creation.","timestamp":"2025-06-18T06:10:05.897Z"}
{"level":"info","message":"Server running on port 3000","timestamp":"2025-06-18T06:10:05.923Z"}
{"level":"info","message":"Database connected successfully","timestamp":"2025-06-18T06:14:02.176Z"}
{"level":"info","message":"Session table checked/initialized successfully","timestamp":"2025-06-18T06:14:02.223Z"}
{"level":"info","message":"Admin user(s) already exist, skipping default admin creation.","timestamp":"2025-06-18T06:14:02.254Z"}
{"level":"info","message":"Server running on port 3000","timestamp":"2025-06-18T06:14:02.291Z"}
{"level":"info","message":"Database connected successfully","timestamp":"2025-06-18T07:51:16.872Z"}
{"level":"info","message":"Session table checked/initialized successfully","timestamp":"2025-06-18T07:51:16.911Z"}
{"level":"info","message":"Admin user(s) already exist, skipping default admin creation.","timestamp":"2025-06-18T07:51:16.926Z"}
{"level":"info","message":"Server running on port 3000","timestamp":"2025-06-18T07:51:16.984Z"}
{"level":"info","message":"Database connected successfully","timestamp":"2025-06-18T16:51:02.652Z"}
{"level":"info","message":"Session table checked/initialized successfully","timestamp":"2025-06-18T16:51:02.786Z"}
{"level":"info","message":"Admin user(s) already exist, skipping default admin creation.","timestamp":"2025-06-18T16:51:02.837Z"}
{"level":"info","message":"Server running on port 3000","timestamp":"2025-06-18T16:51:03.017Z"}
{"level":"info","message":"Database connected successfully","timestamp":"2025-06-18T17:02:20.704Z"}
{"level":"info","message":"Session table checked/initialized successfully","timestamp":"2025-06-18T17:02:20.721Z"}
{"level":"info","message":"Admin user(s) already exist, skipping default admin creation.","timestamp":"2025-06-18T17:02:20.732Z"}
{"level":"info","message":"Server running on port 3000","timestamp":"2025-06-18T17:02:20.759Z"}
{"level":"info","message":"Database connected successfully","timestamp":"2025-06-19T06:45:30.821Z"}
{"level":"info","message":"Session table checked/initialized successfully","timestamp":"2025-06-19T06:45:30.937Z"}
{"level":"info","message":"Admin user(s) already exist, skipping default admin creation.","timestamp":"2025-06-19T06:45:30.979Z"}
{"level":"info","message":"Server running on port 3000","timestamp":"2025-06-19T06:45:31.071Z"}
{"level":"info","message":"Database connected successfully","timestamp":"2025-06-19T06:47:47.446Z"}
{"level":"info","message":"Session table checked/initialized successfully","timestamp":"2025-06-19T06:47:47.459Z"}
{"level":"info","message":"Admin user(s) already exist, skipping default admin creation.","timestamp":"2025-06-19T06:47:47.467Z"}
{"level":"info","message":"Server running on port 3000","timestamp":"2025-06-19T06:47:47.497Z"}
{"level":"info","message":"Database connected successfully","timestamp":"2025-06-19T06:47:53.854Z"}
{"level":"info","message":"Session table checked/initialized successfully","timestamp":"2025-06-19T06:47:53.961Z"}
{"level":"info","message":"Admin user(s) already exist, skipping default admin creation.","timestamp":"2025-06-19T06:47:53.971Z"}
{"level":"info","message":"Server running on port 3000","timestamp":"2025-06-19T06:47:54.001Z"}
{"level":"info","message":"Database connected successfully","timestamp":"2025-06-19T07:06:04.106Z"}
{"level":"info","message":"Session table checked/initialized successfully","timestamp":"2025-06-19T07:06:04.134Z"}
{"level":"info","message":"Admin user(s) already exist, skipping default admin creation.","timestamp":"2025-06-19T07:06:04.149Z"}
{"level":"info","message":"Server running on port 3000","timestamp":"2025-06-19T07:06:04.200Z"}
{"level":"info","message":"Database connected successfully","timestamp":"2025-06-19T07:13:54.571Z"}
{"level":"info","message":"Session table checked/initialized successfully","timestamp":"2025-06-19T07:13:54.594Z"}
{"level":"info","message":"Admin user(s) already exist, skipping default admin creation.","timestamp":"2025-06-19T07:13:54.608Z"}
{"level":"info","message":"Server running on port 3000","timestamp":"2025-06-19T07:13:54.659Z"}
{"level":"info","message":"Database connected successfully","timestamp":"2025-06-19T07:20:26.856Z"}
{"level":"info","message":"Session table checked/initialized successfully","timestamp":"2025-06-19T07:20:26.879Z"}
{"level":"info","message":"Admin user(s) already exist, skipping default admin creation.","timestamp":"2025-06-19T07:20:26.905Z"}
{"level":"info","message":"Server running on port 3000","timestamp":"2025-06-19T07:20:26.948Z"}
{"level":"info","message":"Database connected successfully","timestamp":"2025-06-19T07:20:50.326Z"}
{"level":"info","message":"Session table checked/initialized successfully","timestamp":"2025-06-19T07:20:50.354Z"}
{"level":"info","message":"Admin user(s) already exist, skipping default admin creation.","timestamp":"2025-06-19T07:20:50.369Z"}
{"level":"info","message":"Server running on port 3000","timestamp":"2025-06-19T07:20:50.422Z"}
{"level":"info","message":"Database connected successfully","timestamp":"2025-06-19T07:45:29.392Z"}
{"level":"info","message":"Session table checked/initialized successfully","timestamp":"2025-06-19T07:45:29.416Z"}
{"level":"info","message":"Admin user(s) already exist, skipping default admin creation.","timestamp":"2025-06-19T07:45:29.428Z"}
{"level":"info","message":"Server running on port 3000","timestamp":"2025-06-19T07:45:29.477Z"}
{"level":"info","message":"Database connected successfully","timestamp":"2025-06-19T07:45:35.124Z"}
{"level":"info","message":"Session table checked/initialized successfully","timestamp":"2025-06-19T07:45:35.159Z"}
{"level":"info","message":"Admin user(s) already exist, skipping default admin creation.","timestamp":"2025-06-19T07:45:35.175Z"}
{"level":"info","message":"Server running on port 3000","timestamp":"2025-06-19T07:45:35.229Z"}
{"level":"info","message":"Database connected successfully","timestamp":"2025-06-19T07:46:55.599Z"}
{"level":"info","message":"Session table checked/initialized successfully","timestamp":"2025-06-19T07:46:55.623Z"}
{"level":"info","message":"Admin user(s) already exist, skipping default admin creation.","timestamp":"2025-06-19T07:46:55.638Z"}
{"level":"info","message":"Server running on port 3000","timestamp":"2025-06-19T07:46:55.695Z"}
{"level":"info","message":"Database connected successfully","timestamp":"2025-06-19T07:47:08.348Z"}
{"level":"info","message":"Session table checked/initialized successfully","timestamp":"2025-06-19T07:47:08.371Z"}
{"level":"info","message":"Admin user(s) already exist, skipping default admin creation.","timestamp":"2025-06-19T07:47:08.383Z"}
{"level":"info","message":"Server running on port 3000","timestamp":"2025-06-19T07:47:08.433Z"}
{"level":"info","message":"Database connected successfully","timestamp":"2025-06-19T08:02:32.021Z"}
{"level":"info","message":"Session table checked/initialized successfully","timestamp":"2025-06-19T08:02:32.047Z"}
{"level":"info","message":"Admin user(s) already exist, skipping default admin creation.","timestamp":"2025-06-19T08:02:32.064Z"}
{"level":"info","message":"Server running on port 3000","timestamp":"2025-06-19T08:02:32.117Z"}
{"level":"info","message":"Database connected successfully","timestamp":"2025-06-19T08:02:35.568Z"}
{"level":"info","message":"Session table checked/initialized successfully","timestamp":"2025-06-19T08:02:35.591Z"}
{"level":"info","message":"Admin user(s) already exist, skipping default admin creation.","timestamp":"2025-06-19T08:02:35.601Z"}
{"level":"info","message":"Server running on port 3000","timestamp":"2025-06-19T08:02:35.650Z"}
{"level":"info","message":"Database connected successfully","timestamp":"2025-06-19T08:27:51.656Z"}
{"level":"info","message":"Session table checked/initialized successfully","timestamp":"2025-06-19T08:27:51.683Z"}
{"level":"info","message":"Admin user(s) already exist, skipping default admin creation.","timestamp":"2025-06-19T08:27:51.697Z"}
{"level":"info","message":"Server running on port 3000","timestamp":"2025-06-19T08:27:51.745Z"}
{"level":"info","message":"Database connected successfully","timestamp":"2025-06-19T13:30:07.414Z"}
{"level":"info","message":"Session table checked/initialized successfully","timestamp":"2025-06-19T13:30:07.444Z"}
{"level":"info","message":"Default admin user created.","timestamp":"2025-06-19T13:30:07.610Z"}
{"level":"info","message":"Server running on port 3000","timestamp":"2025-06-19T13:30:07.754Z"}
{"level":"info","message":"Database connected successfully","timestamp":"2025-06-19T13:32:51.572Z"}
{"level":"info","message":"Session table checked/initialized successfully","timestamp":"2025-06-19T13:32:51.596Z"}
{"level":"info","message":"Default admin user created.","timestamp":"2025-06-19T13:32:51.618Z"}
{"level":"info","message":"Server running on port 3000","timestamp":"2025-06-19T13:32:51.765Z"}
{"level":"info","message":"Database connected successfully","timestamp":"2025-06-19T13:34:29.270Z"}
{"level":"info","message":"Session table checked/initialized successfully","timestamp":"2025-06-19T13:34:29.295Z"}
{"level":"info","message":"Admin user(s) already exist, skipping default admin creation.","timestamp":"2025-06-19T13:34:29.319Z"}
{"level":"info","message":"Server running on port 3000","timestamp":"2025-06-19T13:34:29.369Z"}
{"level":"info","message":"Database connected successfully","timestamp":"2025-06-19T13:34:33.292Z"}
{"level":"info","message":"Session table checked/initialized successfully","timestamp":"2025-06-19T13:34:33.315Z"}
{"level":"info","message":"Admin user(s) already exist, skipping default admin creation.","timestamp":"2025-06-19T13:34:33.327Z"}
{"level":"info","message":"Server running on port 3000","timestamp":"2025-06-19T13:34:33.378Z"}
{"level":"info","message":"Database connected successfully","timestamp":"2025-07-08T18:50:02.782Z"}
{"level":"info","message":"Session table checked/initialized successfully","timestamp":"2025-07-08T18:50:02.796Z"}
{"level":"info","message":"Admin user(s) already exist, skipping default admin creation.","timestamp":"2025-07-08T18:50:02.804Z"}
{"level":"info","message":"Server running on port 3000","timestamp":"2025-07-08T18:50:02.834Z"}
{"level":"info","message":"Session table checked/initialized successfully","timestamp":"2025-07-08T19:34:41.894Z"}
{"level":"info","message":"Admin user(s) already exist, skipping default admin creation.","timestamp":"2025-07-08T19:34:41.906Z"}
{"level":"info","message":"Server running on port 3000","timestamp":"2025-07-08T19:34:41.936Z"}
{"level":"info","message":"Database connected successfully","timestamp":"2025-07-08T19:34:41.972Z"}
{"level":"info","message":"Session table checked/initialized successfully","timestamp":"2025-07-08T19:40:26.942Z"}
{"level":"info","message":"Admin user(s) already exist, skipping default admin creation.","timestamp":"2025-07-08T19:40:26.962Z"}
{"level":"info","message":"Server running on port 3000","timestamp":"2025-07-08T19:40:26.996Z"}
{"level":"info","message":"Database connected successfully","timestamp":"2025-07-08T19:40:27.019Z"}
{"level":"info","message":"Session table checked/initialized successfully","timestamp":"2025-07-08T19:40:36.107Z"}
{"level":"info","message":"Admin user(s) already exist, skipping default admin creation.","timestamp":"2025-07-08T19:40:36.120Z"}
{"level":"info","message":"Server running on port 3000","timestamp":"2025-07-08T19:40:36.152Z"}
{"level":"info","message":"Database connected successfully","timestamp":"2025-07-08T19:40:36.193Z"}
{"level":"info","message":"Database connected successfully","timestamp":"2025-07-08T20:43:04.573Z"}
{"level":"info","message":"Session table checked/initialized successfully","timestamp":"2025-07-08T20:43:04.609Z"}
{"level":"info","message":"Admin user(s) already exist, skipping default admin creation.","timestamp":"2025-07-08T20:43:04.625Z"}
{"level":"info","message":"Server running on port 3000","timestamp":"2025-07-08T20:43:04.708Z"}
{"level":"info","message":"Database connected successfully","timestamp":"2025-07-19T07:40:22.181Z"}
{"level":"info","message":"Session table checked/initialized successfully","timestamp":"2025-07-19T07:40:22.352Z"}
{"level":"info","message":"Admin user(s) already exist, skipping default admin creation.","timestamp":"2025-07-19T07:40:22.386Z"}
{"level":"info","message":"Server running on port 3000","timestamp":"2025-07-19T07:40:22.464Z"}
{"level":"info","message":"Database connected successfully","timestamp":"2025-07-19T08:14:00.772Z"}
{"level":"info","message":"Session table checked/initialized successfully","timestamp":"2025-07-19T08:14:00.795Z"}
{"level":"info","message":"Admin user(s) already exist, skipping default admin creation.","timestamp":"2025-07-19T08:14:00.816Z"}
{"level":"info","message":"Server running on port 3000","timestamp":"2025-07-19T08:14:00.853Z"}
{"level":"info","message":"Database connected successfully","timestamp":"2025-07-19T08:14:16.189Z"}
{"level":"info","message":"Session table checked/initialized successfully","timestamp":"2025-07-19T08:14:16.207Z"}
{"level":"info","message":"Admin user(s) already exist, skipping default admin creation.","timestamp":"2025-07-19T08:14:16.217Z"}
{"level":"info","message":"Server running on port 3000","timestamp":"2025-07-19T08:14:16.246Z"}
{"level":"info","message":"Database connected successfully","timestamp":"2025-07-19T08:14:37.743Z"}
{"level":"info","message":"Session table checked/initialized successfully","timestamp":"2025-07-19T08:14:37.763Z"}
{"level":"info","message":"Admin user(s) already exist, skipping default admin creation.","timestamp":"2025-07-19T08:14:37.773Z"}
{"level":"info","message":"Server running on port 3000","timestamp":"2025-07-19T08:14:37.807Z"}
{"level":"info","message":"Database connected successfully","timestamp":"2025-07-19T08:15:26.286Z"}
{"level":"info","message":"Session table checked/initialized successfully","timestamp":"2025-07-19T08:15:26.300Z"}
{"level":"info","message":"Admin user(s) already exist, skipping default admin creation.","timestamp":"2025-07-19T08:15:26.308Z"}
{"level":"info","message":"Server running on port 3000","timestamp":"2025-07-19T08:15:26.334Z"}
{"level":"info","message":"Database connected successfully","timestamp":"2025-07-19T08:15:29.855Z"}
{"level":"info","message":"Session table checked/initialized successfully","timestamp":"2025-07-19T08:15:29.871Z"}
{"level":"info","message":"Admin user(s) already exist, skipping default admin creation.","timestamp":"2025-07-19T08:15:29.881Z"}
{"level":"info","message":"Server running on port 3000","timestamp":"2025-07-19T08:15:29.912Z"}
{"level":"info","message":"Database connected successfully","timestamp":"2025-07-20T05:53:36.833Z"}
{"level":"info","message":"Session table checked/initialized successfully","timestamp":"2025-07-20T05:53:36.910Z"}
{"level":"info","message":"Admin user(s) already exist, skipping default admin creation.","timestamp":"2025-07-20T05:53:36.953Z"}
{"level":"info","message":"Server running on port 3000","timestamp":"2025-07-20T05:53:37.062Z"}
{"level":"info","message":"Database connected successfully","timestamp":"2025-07-20T06:14:43.765Z"}
{"level":"info","message":"Session table checked/initialized successfully","timestamp":"2025-07-20T06:14:43.783Z"}
{"level":"info","message":"Admin user(s) already exist, skipping default admin creation.","timestamp":"2025-07-20T06:14:43.798Z"}
{"level":"info","message":"Server running on port 3000","timestamp":"2025-07-20T06:14:43.827Z"}
{"level":"info","message":"Database connected successfully","timestamp":"2025-07-20T06:14:46.796Z"}
{"level":"info","message":"Session table checked/initialized successfully","timestamp":"2025-07-20T06:14:46.817Z"}
{"level":"info","message":"Admin user(s) already exist, skipping default admin creation.","timestamp":"2025-07-20T06:14:46.828Z"}
{"level":"info","message":"Server running on port 3000","timestamp":"2025-07-20T06:14:46.863Z"}
{"level":"info","message":"Database connected successfully","timestamp":"2025-07-31T10:53:54.295Z"}
{"level":"info","message":"Session table checked/initialized successfully","timestamp":"2025-07-31T10:53:55.261Z"}
{"level":"info","message":"Admin user(s) already exist, skipping default admin creation.","timestamp":"2025-07-31T10:53:55.921Z"}
{"level":"info","message":"Server running on port 3000","timestamp":"2025-07-31T10:53:56.447Z"}
{"level":"info","message":"Database connected successfully","timestamp":"2025-07-31T11:07:01.348Z"}
{"level":"info","message":"Session table checked/initialized successfully","timestamp":"2025-07-31T11:07:01.387Z"}
{"level":"info","message":"Admin user(s) already exist, skipping default admin creation.","timestamp":"2025-07-31T11:07:01.411Z"}
{"level":"info","message":"Server running on port 3000","timestamp":"2025-07-31T11:07:01.546Z"}
{"level":"info","message":"Database connected successfully","timestamp":"2025-07-31T11:10:33.806Z"}
{"level":"info","message":"Session table checked/initialized successfully","timestamp":"2025-07-31T11:10:33.859Z"}
{"level":"info","message":"Admin user(s) already exist, skipping default admin creation.","timestamp":"2025-07-31T11:10:33.896Z"}
{"level":"info","message":"Server running on port 3000","timestamp":"2025-07-31T11:10:33.956Z"}
{"level":"info","message":"Database connected successfully","timestamp":"2025-07-31T11:11:00.739Z"}
{"level":"info","message":"Session table checked/initialized successfully","timestamp":"2025-07-31T11:11:00.762Z"}
{"level":"info","message":"Admin user(s) already exist, skipping default admin creation.","timestamp":"2025-07-31T11:11:00.775Z"}
{"level":"info","message":"Server running on port 3000","timestamp":"2025-07-31T11:11:00.822Z"}
{"level":"info","message":"Database connected successfully","timestamp":"2025-07-31T11:15:05.295Z"}
{"level":"info","message":"Session table checked/initialized successfully","timestamp":"2025-07-31T11:15:05.317Z"}
{"level":"info","message":"Admin user(s) already exist, skipping default admin creation.","timestamp":"2025-07-31T11:15:05.331Z"}
{"level":"info","message":"Server running on port 3000","timestamp":"2025-07-31T11:15:05.379Z"}
{"level":"info","message":"Database connected successfully","timestamp":"2025-07-31T11:19:19.701Z"}
{"level":"info","message":"Session table checked/initialized successfully","timestamp":"2025-07-31T11:19:19.727Z"}
{"level":"info","message":"Admin user(s) already exist, skipping default admin creation.","timestamp":"2025-07-31T11:19:19.741Z"}
{"level":"info","message":"Server running on port 3000","timestamp":"2025-07-31T11:19:19.793Z"}
{"level":"info","message":"Database connected successfully","timestamp":"2025-07-31T11:37:50.013Z"}
{"level":"info","message":"Session table checked/initialized successfully","timestamp":"2025-07-31T11:37:50.045Z"}
{"level":"info","message":"Admin user(s) already exist, skipping default admin creation.","timestamp":"2025-07-31T11:37:50.061Z"}
{"level":"info","message":"Server running on port 3000","timestamp":"2025-07-31T11:37:50.112Z"}
{"level":"info","message":"Database connected successfully","timestamp":"2025-07-31T11:58:40.854Z"}
{"level":"info","message":"Session table checked/initialized successfully","timestamp":"2025-07-31T11:58:40.895Z"}
{"level":"info","message":"Admin user(s) already exist, skipping default admin creation.","timestamp":"2025-07-31T11:58:40.917Z"}
{"level":"info","message":"Server running on port 3000","timestamp":"2025-07-31T11:58:41.050Z"}
{"level":"error","message":"Unhandled error: Not allowed by CORS","method":"GET","path":"/assets/index-Ci28kLis.js","stack":"Error: Not allowed by CORS\n    at origin (D:\\SilentLibrary\\Backend\\server.js:43:16)\n    at D:\\SilentLibrary\\Backend\\node_modules\\cors\\lib\\index.js:219:13\n    at optionsCallback (D:\\SilentLibrary\\Backend\\node_modules\\cors\\lib\\index.js:199:9)\n    at corsMiddleware (D:\\SilentLibrary\\Backend\\node_modules\\cors\\lib\\index.js:204:7)\n    at Layer.handle [as handle_request] (D:\\SilentLibrary\\Backend\\node_modules\\express\\lib\\router\\layer.js:95:5)\n    at trim_prefix (D:\\SilentLibrary\\Backend\\node_modules\\express\\lib\\router\\index.js:328:13)\n    at D:\\SilentLibrary\\Backend\\node_modules\\express\\lib\\router\\index.js:286:9\n    at Function.process_params (D:\\SilentLibrary\\Backend\\node_modules\\express\\lib\\router\\index.js:346:12)\n    at next (D:\\SilentLibrary\\Backend\\node_modules\\express\\lib\\router\\index.js:280:10)\n    at expressInit (D:\\SilentLibrary\\Backend\\node_modules\\express\\lib\\middleware\\init.js:40:5)","timestamp":"2025-07-31T11:59:25.629Z"}
{"level":"error","message":"Unhandled error: Not allowed by CORS","method":"GET","path":"/assets/index-D7pGGX8b.css","stack":"Error: Not allowed by CORS\n    at origin (D:\\SilentLibrary\\Backend\\server.js:43:16)\n    at D:\\SilentLibrary\\Backend\\node_modules\\cors\\lib\\index.js:219:13\n    at optionsCallback (D:\\SilentLibrary\\Backend\\node_modules\\cors\\lib\\index.js:199:9)\n    at corsMiddleware (D:\\SilentLibrary\\Backend\\node_modules\\cors\\lib\\index.js:204:7)\n    at Layer.handle [as handle_request] (D:\\SilentLibrary\\Backend\\node_modules\\express\\lib\\router\\layer.js:95:5)\n    at trim_prefix (D:\\SilentLibrary\\Backend\\node_modules\\express\\lib\\router\\index.js:328:13)\n    at D:\\SilentLibrary\\Backend\\node_modules\\express\\lib\\router\\index.js:286:9\n    at Function.process_params (D:\\SilentLibrary\\Backend\\node_modules\\express\\lib\\router\\index.js:346:12)\n    at next (D:\\SilentLibrary\\Backend\\node_modules\\express\\lib\\router\\index.js:280:10)\n    at expressInit (D:\\SilentLibrary\\Backend\\node_modules\\express\\lib\\middleware\\init.js:40:5)","timestamp":"2025-07-31T11:59:25.644Z"}
{"level":"info","message":"Database connected successfully","timestamp":"2025-07-31T13:13:12.701Z"}
{"level":"info","message":"Session table checked/initialized successfully","timestamp":"2025-07-31T13:13:12.724Z"}
{"level":"info","message":"Admin user(s) already exist, skipping default admin creation.","timestamp":"2025-07-31T13:13:12.737Z"}
{"level":"info","message":"Server running on port 3000","timestamp":"2025-07-31T13:13:12.786Z"}
{"level":"info","message":"Session table checked/initialized successfully","timestamp":"2025-07-31T13:26:53.527Z"}
{"level":"info","message":"Admin user(s) already exist, skipping default admin creation.","timestamp":"2025-07-31T13:26:53.548Z"}
{"level":"info","message":"Server running on port 3000","timestamp":"2025-07-31T13:26:53.643Z"}
{"level":"info","message":"Database connected successfully","timestamp":"2025-07-31T13:26:53.652Z"}
{"level":"info","message":"Database connected successfully","timestamp":"2025-08-01T19:03:45.143Z"}
{"level":"info","message":"Session table checked/initialized successfully","timestamp":"2025-08-01T19:03:45.272Z"}
{"level":"info","message":"Admin user(s) already exist, skipping default admin creation.","timestamp":"2025-08-01T19:03:45.326Z"}
{"level":"info","message":"Server running on port 3000","timestamp":"2025-08-01T19:03:45.473Z"}
{"level":"info","message":"Database connected successfully","timestamp":"2025-08-02T06:59:17.597Z"}
{"level":"info","message":"Session table checked/initialized successfully","timestamp":"2025-08-02T06:59:17.711Z"}
{"level":"info","message":"Admin user(s) already exist, skipping default admin creation.","timestamp":"2025-08-02T06:59:17.763Z"}
{"level":"info","message":"Server running on port 3000","timestamp":"2025-08-02T06:59:17.950Z"}
{"level":"error","message":"Error initializing session table:","timestamp":"2025-08-13T14:28:42.200Z"}
{"level":"error","message":"Database connection error:","timestamp":"2025-08-13T14:28:42.206Z"}
{"level":"error","message":"Error creating default admin user:","timestamp":"2025-08-13T14:28:42.257Z"}
{"level":"info","message":"Server running on port 3000","timestamp":"2025-08-13T14:28:42.345Z"}
{"level":"info","message":"Database connected successfully","timestamp":"2025-08-13T14:29:30.101Z"}
{"level":"info","message":"Session table checked/initialized successfully","timestamp":"2025-08-13T14:29:31.342Z"}
{"level":"info","message":"Admin user(s) already exist, skipping default admin creation.","timestamp":"2025-08-13T14:29:31.469Z"}
{"level":"info","message":"Server running on port 3000","timestamp":"2025-08-13T14:29:31.497Z"}
{"level":"info","message":"Database connected successfully","timestamp":"2025-08-13T14:30:19.166Z"}
{"level":"info","message":"Session table checked/initialized successfully","timestamp":"2025-08-13T14:30:19.181Z"}
{"level":"info","message":"Admin user(s) already exist, skipping default admin creation.","timestamp":"2025-08-13T14:30:19.189Z"}
{"level":"info","message":"Server running on port 3000","timestamp":"2025-08-13T14:30:19.230Z"}
{"level":"info","message":"Session table checked/initialized successfully","timestamp":"2025-08-13T19:29:19.326Z"}
{"level":"info","message":"Admin user(s) already exist, skipping default admin creation.","timestamp":"2025-08-13T19:29:19.345Z"}
{"level":"info","message":"Server running on port 3000","timestamp":"2025-08-13T19:29:19.380Z"}
{"level":"info","message":"Database connected successfully","timestamp":"2025-08-13T19:29:19.396Z"}
{"level":"info","message":"Database connected successfully","timestamp":"2025-08-13T19:38:51.582Z"}
{"level":"info","message":"Session table checked/initialized successfully","timestamp":"2025-08-13T19:38:51.611Z"}
{"level":"info","message":"Admin user(s) already exist, skipping default admin creation.","timestamp":"2025-08-13T19:38:51.626Z"}
{"level":"info","message":"Server running on port 3000","timestamp":"2025-08-13T19:38:51.672Z"}
{"level":"info","message":"Database connected successfully","timestamp":"2025-08-13T19:40:22.749Z"}
{"level":"info","message":"Session table checked/initialized successfully","timestamp":"2025-08-13T19:40:22.769Z"}
{"level":"info","message":"Admin user(s) already exist, skipping default admin creation.","timestamp":"2025-08-13T19:40:22.780Z"}
{"level":"info","message":"Server running on port 3000","timestamp":"2025-08-13T19:40:22.821Z"}
{"level":"info","message":"Database connected successfully","timestamp":"2025-08-13T19:40:54.879Z"}
{"level":"info","message":"Session table checked/initialized successfully","timestamp":"2025-08-13T19:40:54.893Z"}
{"level":"info","message":"Admin user(s) already exist, skipping default admin creation.","timestamp":"2025-08-13T19:40:54.901Z"}
{"level":"info","message":"Server running on port 3000","timestamp":"2025-08-13T19:40:54.934Z"}
{"level":"info","message":"Database connected successfully","timestamp":"2025-08-13T19:41:29.497Z"}
{"level":"info","message":"Session table checked/initialized successfully","timestamp":"2025-08-13T19:41:29.515Z"}
{"level":"info","message":"Admin user(s) already exist, skipping default admin creation.","timestamp":"2025-08-13T19:41:29.527Z"}
{"level":"info","message":"Server running on port 3000","timestamp":"2025-08-13T19:41:29.570Z"}
{"level":"info","message":"Database connected successfully","timestamp":"2025-08-13T19:54:36.970Z"}
{"level":"info","message":"Session table checked/initialized successfully","timestamp":"2025-08-13T19:54:36.993Z"}
{"level":"info","message":"Admin user(s) already exist, skipping default admin creation.","timestamp":"2025-08-13T19:54:37.005Z"}
{"level":"info","message":"Server running on port 3000","timestamp":"2025-08-13T19:54:37.049Z"}
{"level":"info","message":"Database connected successfully","timestamp":"2025-08-13T19:54:42.941Z"}
{"level":"info","message":"Session table checked/initialized successfully","timestamp":"2025-08-13T19:54:42.956Z"}
{"level":"info","message":"Admin user(s) already exist, skipping default admin creation.","timestamp":"2025-08-13T19:54:42.964Z"}
{"level":"info","message":"Server running on port 3000","timestamp":"2025-08-13T19:54:42.995Z"}
{"level":"info","message":"Database connected successfully","timestamp":"2025-08-13T19:59:32.066Z"}
{"level":"info","message":"Session table checked/initialized successfully","timestamp":"2025-08-13T19:59:32.081Z"}
{"level":"info","message":"Admin user(s) already exist, skipping default admin creation.","timestamp":"2025-08-13T19:59:32.088Z"}
{"level":"info","message":"Server running on port 3000","timestamp":"2025-08-13T19:59:32.118Z"}
{"level":"info","message":"Database connected successfully","timestamp":"2025-08-13T20:27:00.661Z"}
{"level":"info","message":"Session table checked/initialized successfully","timestamp":"2025-08-13T20:27:00.765Z"}
{"level":"info","message":"Admin user(s) already exist, skipping default admin creation.","timestamp":"2025-08-13T20:27:00.772Z"}
{"level":"info","message":"Server running on port 3000","timestamp":"2025-08-13T20:27:00.799Z"}
{"level":"info","message":"Database connected successfully","timestamp":"2025-08-15T15:31:20.582Z"}
{"level":"info","message":"Session table checked/initialized successfully","timestamp":"2025-08-15T15:31:20.713Z"}
{"level":"info","message":"Admin user(s) already exist, skipping default admin creation.","timestamp":"2025-08-15T15:31:20.739Z"}
{"level":"info","message":"Server running on port 3000","timestamp":"2025-08-15T15:31:20.789Z"}
{"level":"info","message":"Database connected successfully","timestamp":"2025-08-15T15:59:27.337Z"}
{"level":"info","message":"Session table checked/initialized successfully","timestamp":"2025-08-15T15:59:27.354Z"}
{"level":"info","message":"Admin user(s) already exist, skipping default admin creation.","timestamp":"2025-08-15T15:59:27.366Z"}
{"level":"info","message":"Server running on port 3000","timestamp":"2025-08-15T15:59:27.400Z"}
{"level":"info","message":"Session table checked/initialized successfully","timestamp":"2025-08-15T16:04:37.987Z"}
{"level":"info","message":"Admin user(s) already exist, skipping default admin creation.","timestamp":"2025-08-15T16:04:38.000Z"}
{"level":"info","message":"Server running on port 3000","timestamp":"2025-08-15T16:04:38.035Z"}
{"level":"info","message":"Database connected successfully","timestamp":"2025-08-15T16:04:38.069Z"}
{"level":"info","message":"Database connected successfully","timestamp":"2025-08-15T16:10:01.595Z"}
{"level":"info","message":"Session table checked/initialized successfully","timestamp":"2025-08-15T16:10:01.618Z"}
{"level":"info","message":"Admin user(s) already exist, skipping default admin creation.","timestamp":"2025-08-15T16:10:01.628Z"}
{"level":"info","message":"Server running on port 3000","timestamp":"2025-08-15T16:10:01.665Z"}
{"level":"info","message":"Database connected successfully","timestamp":"2025-08-15T16:20:16.455Z"}
{"level":"info","message":"Session table checked/initialized successfully","timestamp":"2025-08-15T16:20:16.472Z"}
{"level":"info","message":"Admin user(s) already exist, skipping default admin creation.","timestamp":"2025-08-15T16:20:16.481Z"}
{"level":"info","message":"Server running on port 3000","timestamp":"2025-08-15T16:20:16.521Z"}
{"level":"info","message":"Database connected successfully","timestamp":"2025-08-15T16:20:19.817Z"}
{"level":"info","message":"Session table checked/initialized successfully","timestamp":"2025-08-15T16:20:19.838Z"}
{"level":"info","message":"Admin user(s) already exist, skipping default admin creation.","timestamp":"2025-08-15T16:20:19.848Z"}
{"level":"info","message":"Server running on port 3000","timestamp":"2025-08-15T16:20:19.891Z"}
